Arguments: 
  D:\Program Files\nodejs\node.exe C:\Users\Administrator\AppData\Roaming\npm\node_modules\yarn\bin\yarn.js add popperjs

PATH: 
  D:\Program Files\Python311\Scripts\;D:\Program Files\Python311\;C:\windows\system32;C:\windows;C:\windows\System32\Wbem;C:\windows\System32\WindowsPowerShell\v1.0\;C:\windows\System32\OpenSSH\;D:\Program Files\nodejs\;d:\Program Files\Git\cmd;D:\Program Files\Microsoft VS Code\bin;D:\Program Files\Go\bin;D:\phpstudy_pro\Extensions\php\php8.0.2nts\;C:\ProgramData\ComposerSetup\bin;C:\Program Files\Docker\Docker\resources\bin;C:\Users\Administrator\AppData\Local\Microsoft\WindowsApps;C:\Users\Administrator\AppData\Roaming\npm;C:\Users\Administrator\go\bin;C:\Users\Administrator\AppData\Roaming\Composer\vendor\bin

Yarn version: 
  1.22.19

Node version: 
  19.3.0

Platform: 
  win32 x64

Trace: 
  Error: https://registry.yarnpkg.com/popperjs: Not found
      at params.callback [as _callback] (C:\Users\Administrator\AppData\Roaming\npm\node_modules\yarn\lib\cli.js:66145:18)
      at self.callback (C:\Users\Administrator\AppData\Roaming\npm\node_modules\yarn\lib\cli.js:140890:22)
      at Request.emit (node:events:513:28)
      at Request.<anonymous> (C:\Users\Administrator\AppData\Roaming\npm\node_modules\yarn\lib\cli.js:141862:10)
      at Request.emit (node:events:513:28)
      at IncomingMessage.<anonymous> (C:\Users\Administrator\AppData\Roaming\npm\node_modules\yarn\lib\cli.js:141784:12)
      at Object.onceWrapper (node:events:627:28)
      at IncomingMessage.emit (node:events:525:35)
      at endReadableNT (node:internal/streams/readable:1359:12)
      at process.processTicksAndRejections (node:internal/process/task_queues:82:21)

npm manifest: 
  {
  	"name": "obsidian-sample-plugin",
  	"version": "1.0.1",
  	"description": "This is a sample plugin for Obsidian (https://obsidian.md)",
  	"main": "main.js",
  	"scripts": {
  		"dev": "node esbuild.config.mjs",
  		"build": "tsc -noEmit -skipLibCheck && node esbuild.config.mjs production",
  		"version": "node version-bump.mjs && git add manifest.json versions.json"
  	},
  	"keywords": [],
  	"author": "",
  	"license": "MIT",
  	"dependencies": {
  		"codemirror": "^6.0.1",
  		"vue": "^3.2.31"
  	},
  	"devDependencies": {
  		"@the_tree/esbuild-plugin-vue3": "^0.3.1",
  		"@types/node": "^16.11.6",
  		"@typescript-eslint/eslint-plugin": "^5.2.0",
  		"@typescript-eslint/parser": "^5.2.0",
  		"builtin-modules": "^3.2.0",
  		"esbuild": "^0.14.49",
  		"hash-sum": "^2.0.0",
  		"obsidian": "latest",
  		"tslib": "2.3.1",
  		"typescript": "4.4.4"
  	}
  }

yarn manifest: 
  No manifest

Lockfile: 
  # THIS IS AN AUTOGENERATED FILE. DO NOT EDIT THIS FILE DIRECTLY.
  # yarn lockfile v1
  
  
  "@ampproject/remapping@^2.2.0":
    version "2.2.1"
    resolved "https://registry.yarnpkg.com/@ampproject/remapping/-/remapping-2.2.1.tgz#99e8e11851128b8702cd57c33684f1d0f260b630"
    integrity sha512-lFMjJTrFL3j7L9yBxwYfCq2k6qqwHyzuUl/XBnif78PWTJYyL/dfowQHWE3sp6U6ZzqWiiIZnpTMO96zhkjwtg==
    dependencies:
      "@jridgewell/gen-mapping" "^0.3.0"
      "@jridgewell/trace-mapping" "^0.3.9"
  
  "@babel/code-frame@^7.22.13":
    version "7.22.13"
    resolved "https://registry.yarnpkg.com/@babel/code-frame/-/code-frame-7.22.13.tgz#e3c1c099402598483b7a8c46a721d1038803755e"
    integrity sha512-XktuhWlJ5g+3TJXc5upd9Ks1HutSArik6jf2eAjYFyIOf4ej3RN+184cZbzDvbPnuTJIUhPKKJE3cIsYTiAT3w==
    dependencies:
      "@babel/highlight" "^7.22.13"
      chalk "^2.4.2"
  
  "@babel/compat-data@^7.22.9":
    version "7.22.20"
    resolved "https://registry.yarnpkg.com/@babel/compat-data/-/compat-data-7.22.20.tgz#8df6e96661209623f1975d66c35ffca66f3306d0"
    integrity sha512-BQYjKbpXjoXwFW5jGqiizJQQT/aC7pFm9Ok1OWssonuguICi264lbgMzRp2ZMmRSlfkX6DsWDDcsrctK8Rwfiw==
  
  "@babel/core@^7.20.5":
    version "7.22.20"
    resolved "https://registry.yarnpkg.com/@babel/core/-/core-7.22.20.tgz#e3d0eed84c049e2a2ae0a64d27b6a37edec385b7"
    integrity sha512-Y6jd1ahLubuYweD/zJH+vvOY141v4f9igNQAQ+MBgq9JlHS2iTsZKn1aMsb3vGccZsXI16VzTBw52Xx0DWmtnA==
    dependencies:
      "@ampproject/remapping" "^2.2.0"
      "@babel/code-frame" "^7.22.13"
      "@babel/generator" "^7.22.15"
      "@babel/helper-compilation-targets" "^7.22.15"
      "@babel/helper-module-transforms" "^7.22.20"
      "@babel/helpers" "^7.22.15"
      "@babel/parser" "^7.22.16"
      "@babel/template" "^7.22.15"
      "@babel/traverse" "^7.22.20"
      "@babel/types" "^7.22.19"
      convert-source-map "^1.7.0"
      debug "^4.1.0"
      gensync "^1.0.0-beta.2"
      json5 "^2.2.3"
      semver "^6.3.1"
  
  "@babel/generator@^7.22.15":
    version "7.22.15"
    resolved "https://registry.yarnpkg.com/@babel/generator/-/generator-7.22.15.tgz#1564189c7ec94cb8f77b5e8a90c4d200d21b2339"
    integrity sha512-Zu9oWARBqeVOW0dZOjXc3JObrzuqothQ3y/n1kUtrjCoCPLkXUwMvOo/F/TCfoHMbWIFlWwpZtkZVb9ga4U2pA==
    dependencies:
      "@babel/types" "^7.22.15"
      "@jridgewell/gen-mapping" "^0.3.2"
      "@jridgewell/trace-mapping" "^0.3.17"
      jsesc "^2.5.1"
  
  "@babel/helper-annotate-as-pure@^7.22.5":
    version "7.22.5"
    resolved "https://registry.yarnpkg.com/@babel/helper-annotate-as-pure/-/helper-annotate-as-pure-7.22.5.tgz#e7f06737b197d580a01edf75d97e2c8be99d3882"
    integrity sha512-LvBTxu8bQSQkcyKOU+a1btnNFQ1dMAd0R6PyW3arXes06F6QLWLIrd681bxRPIXlrMGR3XYnW9JyML7dP3qgxg==
    dependencies:
      "@babel/types" "^7.22.5"
  
  "@babel/helper-compilation-targets@^7.22.15":
    version "7.22.15"
    resolved "https://registry.yarnpkg.com/@babel/helper-compilation-targets/-/helper-compilation-targets-7.22.15.tgz#0698fc44551a26cf29f18d4662d5bf545a6cfc52"
    integrity sha512-y6EEzULok0Qvz8yyLkCvVX+02ic+By2UdOhylwUOvOn9dvYc9mKICJuuU1n1XBI02YWsNsnrY1kc6DVbjcXbtw==
    dependencies:
      "@babel/compat-data" "^7.22.9"
      "@babel/helper-validator-option" "^7.22.15"
      browserslist "^4.21.9"
      lru-cache "^5.1.1"
      semver "^6.3.1"
  
  "@babel/helper-create-class-features-plugin@^7.22.15":
    version "7.22.15"
    resolved "https://registry.yarnpkg.com/@babel/helper-create-class-features-plugin/-/helper-create-class-features-plugin-7.22.15.tgz#97a61b385e57fe458496fad19f8e63b63c867de4"
    integrity sha512-jKkwA59IXcvSaiK2UN45kKwSC9o+KuoXsBDvHvU/7BecYIp8GQ2UwrVvFgJASUT+hBnwJx6MhvMCuMzwZZ7jlg==
    dependencies:
      "@babel/helper-annotate-as-pure" "^7.22.5"
      "@babel/helper-environment-visitor" "^7.22.5"
      "@babel/helper-function-name" "^7.22.5"
      "@babel/helper-member-expression-to-functions" "^7.22.15"
      "@babel/helper-optimise-call-expression" "^7.22.5"
      "@babel/helper-replace-supers" "^7.22.9"
      "@babel/helper-skip-transparent-expression-wrappers" "^7.22.5"
      "@babel/helper-split-export-declaration" "^7.22.6"
      semver "^6.3.1"
  
  "@babel/helper-environment-visitor@^7.22.20", "@babel/helper-environment-visitor@^7.22.5":
    version "7.22.20"
    resolved "https://registry.yarnpkg.com/@babel/helper-environment-visitor/-/helper-environment-visitor-7.22.20.tgz#96159db61d34a29dba454c959f5ae4a649ba9167"
    integrity sha512-zfedSIzFhat/gFhWfHtgWvlec0nqB9YEIVrpuwjruLlXfUSnA8cJB0miHKwqDnQ7d32aKo2xt88/xZptwxbfhA==
  
  "@babel/helper-function-name@^7.22.5":
    version "7.22.5"
    resolved "https://registry.yarnpkg.com/@babel/helper-function-name/-/helper-function-name-7.22.5.tgz#ede300828905bb15e582c037162f99d5183af1be"
    integrity sha512-wtHSq6jMRE3uF2otvfuD3DIvVhOsSNshQl0Qrd7qC9oQJzHvOL4qQXlQn2916+CXGywIjpGuIkoyZRRxHPiNQQ==
    dependencies:
      "@babel/template" "^7.22.5"
      "@babel/types" "^7.22.5"
  
  "@babel/helper-hoist-variables@^7.22.5":
    version "7.22.5"
    resolved "https://registry.yarnpkg.com/@babel/helper-hoist-variables/-/helper-hoist-variables-7.22.5.tgz#c01a007dac05c085914e8fb652b339db50d823bb"
    integrity sha512-wGjk9QZVzvknA6yKIUURb8zY3grXCcOZt+/7Wcy8O2uctxhplmUPkOdlgoNhmdVee2c92JXbf1xpMtVNbfoxRw==
    dependencies:
      "@babel/types" "^7.22.5"
  
  "@babel/helper-member-expression-to-functions@^7.22.15":
    version "7.22.15"
    resolved "https://registry.yarnpkg.com/@babel/helper-member-expression-to-functions/-/helper-member-expression-to-functions-7.22.15.tgz#b95a144896f6d491ca7863576f820f3628818621"
    integrity sha512-qLNsZbgrNh0fDQBCPocSL8guki1hcPvltGDv/NxvUoABwFq7GkKSu1nRXeJkVZc+wJvne2E0RKQz+2SQrz6eAA==
    dependencies:
      "@babel/types" "^7.22.15"
  
  "@babel/helper-module-imports@^7.22.15", "@babel/helper-module-imports@^7.22.5":
    version "7.22.15"
    resolved "https://registry.yarnpkg.com/@babel/helper-module-imports/-/helper-module-imports-7.22.15.tgz#16146307acdc40cc00c3b2c647713076464bdbf0"
    integrity sha512-0pYVBnDKZO2fnSPCrgM/6WMc7eS20Fbok+0r88fp+YtWVLZrp4CkafFGIp+W0VKw4a22sgebPT99y+FDNMdP4w==
    dependencies:
      "@babel/types" "^7.22.15"
  
  "@babel/helper-module-transforms@^7.22.20":
    version "7.22.20"
    resolved "https://registry.yarnpkg.com/@babel/helper-module-transforms/-/helper-module-transforms-7.22.20.tgz#da9edc14794babbe7386df438f3768067132f59e"
    integrity sha512-dLT7JVWIUUxKOs1UnJUBR3S70YK+pKX6AbJgB2vMIvEkZkrfJDbYDJesnPshtKV4LhDOR3Oc5YULeDizRek+5A==
    dependencies:
      "@babel/helper-environment-visitor" "^7.22.20"
      "@babel/helper-module-imports" "^7.22.15"
      "@babel/helper-simple-access" "^7.22.5"
      "@babel/helper-split-export-declaration" "^7.22.6"
      "@babel/helper-validator-identifier" "^7.22.20"
  
  "@babel/helper-optimise-call-expression@^7.22.5":
    version "7.22.5"
    resolved "https://registry.yarnpkg.com/@babel/helper-optimise-call-expression/-/helper-optimise-call-expression-7.22.5.tgz#f21531a9ccbff644fdd156b4077c16ff0c3f609e"
    integrity sha512-HBwaojN0xFRx4yIvpwGqxiV2tUfl7401jlok564NgB9EHS1y6QT17FmKWm4ztqjeVdXLuC4fSvHc5ePpQjoTbw==
    dependencies:
      "@babel/types" "^7.22.5"
  
  "@babel/helper-plugin-utils@^7.10.4", "@babel/helper-plugin-utils@^7.22.5":
    version "7.22.5"
    resolved "https://registry.yarnpkg.com/@babel/helper-plugin-utils/-/helper-plugin-utils-7.22.5.tgz#dd7ee3735e8a313b9f7b05a773d892e88e6d7295"
    integrity sha512-uLls06UVKgFG9QD4OeFYLEGteMIAa5kpTPcFL28yuCIIzsf6ZyKZMllKVOCZFhiZ5ptnwX4mtKdWCBE/uT4amg==
  
  "@babel/helper-replace-supers@^7.22.9":
    version "7.22.20"
    resolved "https://registry.yarnpkg.com/@babel/helper-replace-supers/-/helper-replace-supers-7.22.20.tgz#e37d367123ca98fe455a9887734ed2e16eb7a793"
    integrity sha512-qsW0In3dbwQUbK8kejJ4R7IHVGwHJlV6lpG6UA7a9hSa2YEiAib+N1T2kr6PEeUT+Fl7najmSOS6SmAwCHK6Tw==
    dependencies:
      "@babel/helper-environment-visitor" "^7.22.20"
      "@babel/helper-member-expression-to-functions" "^7.22.15"
      "@babel/helper-optimise-call-expression" "^7.22.5"
  
  "@babel/helper-simple-access@^7.22.5":
    version "7.22.5"
    resolved "https://registry.yarnpkg.com/@babel/helper-simple-access/-/helper-simple-access-7.22.5.tgz#4938357dc7d782b80ed6dbb03a0fba3d22b1d5de"
    integrity sha512-n0H99E/K+Bika3++WNL17POvo4rKWZ7lZEp1Q+fStVbUi8nxPQEBOlTmCOxW/0JsS56SKKQ+ojAe2pHKJHN35w==
    dependencies:
      "@babel/types" "^7.22.5"
  
  "@babel/helper-skip-transparent-expression-wrappers@^7.22.5":
    version "7.22.5"
    resolved "https://registry.yarnpkg.com/@babel/helper-skip-transparent-expression-wrappers/-/helper-skip-transparent-expression-wrappers-7.22.5.tgz#007f15240b5751c537c40e77abb4e89eeaaa8847"
    integrity sha512-tK14r66JZKiC43p8Ki33yLBVJKlQDFoA8GYN67lWCDCqoL6EMMSuM9b+Iff2jHaM/RRFYl7K+iiru7hbRqNx8Q==
    dependencies:
      "@babel/types" "^7.22.5"
  
  "@babel/helper-split-export-declaration@^7.22.6":
    version "7.22.6"
    resolved "https://registry.yarnpkg.com/@babel/helper-split-export-declaration/-/helper-split-export-declaration-7.22.6.tgz#322c61b7310c0997fe4c323955667f18fcefb91c"
    integrity sha512-AsUnxuLhRYsisFiaJwvp1QF+I3KjD5FOxut14q/GzovUe6orHLesW2C7d754kRm53h5gqrz6sFl6sxc4BVtE/g==
    dependencies:
      "@babel/types" "^7.22.5"
  
  "@babel/helper-string-parser@^7.22.5":
    version "7.22.5"
    resolved "https://registry.yarnpkg.com/@babel/helper-string-parser/-/helper-string-parser-7.22.5.tgz#533f36457a25814cf1df6488523ad547d784a99f"
    integrity sha512-mM4COjgZox8U+JcXQwPijIZLElkgEpO5rsERVDJTc2qfCDfERyob6k5WegS14SX18IIjv+XD+GrqNumY5JRCDw==
  
  "@babel/helper-validator-identifier@^7.22.19", "@babel/helper-validator-identifier@^7.22.20":
    version "7.22.20"
    resolved "https://registry.yarnpkg.com/@babel/helper-validator-identifier/-/helper-validator-identifier-7.22.20.tgz#c4ae002c61d2879e724581d96665583dbc1dc0e0"
    integrity sha512-Y4OZ+ytlatR8AI+8KZfKuL5urKp7qey08ha31L8b3BwewJAoJamTzyvxPR/5D+KkdJCGPq/+8TukHBlY10FX9A==
  
  "@babel/helper-validator-option@^7.22.15":
    version "7.22.15"
    resolved "https://registry.yarnpkg.com/@babel/helper-validator-option/-/helper-validator-option-7.22.15.tgz#694c30dfa1d09a6534cdfcafbe56789d36aba040"
    integrity sha512-bMn7RmyFjY/mdECUbgn9eoSY4vqvacUnS9i9vGAGttgFWesO6B4CYWA7XlpbWgBt71iv/hfbPlynohStqnu5hA==
  
  "@babel/helpers@^7.22.15":
    version "7.22.15"
    resolved "https://registry.yarnpkg.com/@babel/helpers/-/helpers-7.22.15.tgz#f09c3df31e86e3ea0b7ff7556d85cdebd47ea6f1"
    integrity sha512-7pAjK0aSdxOwR+CcYAqgWOGy5dcfvzsTIfFTb2odQqW47MDfv14UaJDY6eng8ylM2EaeKXdxaSWESbkmaQHTmw==
    dependencies:
      "@babel/template" "^7.22.15"
      "@babel/traverse" "^7.22.15"
      "@babel/types" "^7.22.15"
  
  "@babel/highlight@^7.22.13":
    version "7.22.20"
    resolved "https://registry.yarnpkg.com/@babel/highlight/-/highlight-7.22.20.tgz#4ca92b71d80554b01427815e06f2df965b9c1f54"
    integrity sha512-dkdMCN3py0+ksCgYmGG8jKeGA/8Tk+gJwSYYlFGxG5lmhfKNoAy004YpLxpS1W2J8m/EK2Ew+yOs9pVRwO89mg==
    dependencies:
      "@babel/helper-validator-identifier" "^7.22.20"
      chalk "^2.4.2"
      js-tokens "^4.0.0"
  
  "@babel/parser@^7.20.15", "@babel/parser@^7.21.3", "@babel/parser@^7.22.15", "@babel/parser@^7.22.16":
    version "7.22.16"
    resolved "https://registry.yarnpkg.com/@babel/parser/-/parser-7.22.16.tgz#180aead7f247305cce6551bea2720934e2fa2c95"
    integrity sha512-+gPfKv8UWeKKeJTUxe59+OobVcrYHETCsORl61EmSkmgymguYk/X5bp7GuUIXaFsc6y++v8ZxPsLSSuujqDphA==
  
  "@babel/plugin-syntax-import-meta@^7.10.4":
    version "7.10.4"
    resolved "https://registry.yarnpkg.com/@babel/plugin-syntax-import-meta/-/plugin-syntax-import-meta-7.10.4.tgz#ee601348c370fa334d2207be158777496521fd51"
    integrity sha512-Yqfm+XDx0+Prh3VSeEQCPU81yC+JWZ2pDPFSS4ZdpfZhp4MkFMaDC1UqseovEKwSUpnIL7+vK+Clp7bfh0iD7g==
    dependencies:
      "@babel/helper-plugin-utils" "^7.10.4"
  
  "@babel/plugin-syntax-jsx@^7.22.5":
    version "7.22.5"
    resolved "https://registry.yarnpkg.com/@babel/plugin-syntax-jsx/-/plugin-syntax-jsx-7.22.5.tgz#a6b68e84fb76e759fc3b93e901876ffabbe1d918"
    integrity sha512-gvyP4hZrgrs/wWMaocvxZ44Hw0b3W8Pe+cMxc8V1ULQ07oh8VNbIRaoD1LRZVTvD+0nieDKjfgKg89sD7rrKrg==
    dependencies:
      "@babel/helper-plugin-utils" "^7.22.5"
  
  "@babel/plugin-syntax-typescript@^7.22.5":
    version "7.22.5"
    resolved "https://registry.yarnpkg.com/@babel/plugin-syntax-typescript/-/plugin-syntax-typescript-7.22.5.tgz#aac8d383b062c5072c647a31ef990c1d0af90272"
    integrity sha512-1mS2o03i7t1c6VzH6fdQ3OA8tcEIxwG18zIPRp+UY1Ihv6W+XZzBCVxExF9upussPXJ0xE9XRHwMoNs1ep/nRQ==
    dependencies:
      "@babel/helper-plugin-utils" "^7.22.5"
  
  "@babel/plugin-transform-typescript@^7.20.2":
    version "7.22.15"
    resolved "https://registry.yarnpkg.com/@babel/plugin-transform-typescript/-/plugin-transform-typescript-7.22.15.tgz#15adef906451d86349eb4b8764865c960eb54127"
    integrity sha512-1uirS0TnijxvQLnlv5wQBwOX3E1wCFX7ITv+9pBV2wKEk4K+M5tqDaoNXnTH8tjEIYHLO98MwiTWO04Ggz4XuA==
    dependencies:
      "@babel/helper-annotate-as-pure" "^7.22.5"
      "@babel/helper-create-class-features-plugin" "^7.22.15"
      "@babel/helper-plugin-utils" "^7.22.5"
      "@babel/plugin-syntax-typescript" "^7.22.5"
  
  "@babel/template@^7.22.15", "@babel/template@^7.22.5":
    version "7.22.15"
    resolved "https://registry.yarnpkg.com/@babel/template/-/template-7.22.15.tgz#09576efc3830f0430f4548ef971dde1350ef2f38"
    integrity sha512-QPErUVm4uyJa60rkI73qneDacvdvzxshT3kksGqlGWYdOTIUOwJ7RDUL8sGqslY1uXWSL6xMFKEXDS3ox2uF0w==
    dependencies:
      "@babel/code-frame" "^7.22.13"
      "@babel/parser" "^7.22.15"
      "@babel/types" "^7.22.15"
  
  "@babel/traverse@^7.22.15", "@babel/traverse@^7.22.20", "@babel/traverse@^7.22.5":
    version "7.22.20"
    resolved "https://registry.yarnpkg.com/@babel/traverse/-/traverse-7.22.20.tgz#db572d9cb5c79e02d83e5618b82f6991c07584c9"
    integrity sha512-eU260mPZbU7mZ0N+X10pxXhQFMGTeLb9eFS0mxehS8HZp9o1uSnFeWQuG1UPrlxgA7QoUzFhOnilHDp0AXCyHw==
    dependencies:
      "@babel/code-frame" "^7.22.13"
      "@babel/generator" "^7.22.15"
      "@babel/helper-environment-visitor" "^7.22.20"
      "@babel/helper-function-name" "^7.22.5"
      "@babel/helper-hoist-variables" "^7.22.5"
      "@babel/helper-split-export-declaration" "^7.22.6"
      "@babel/parser" "^7.22.16"
      "@babel/types" "^7.22.19"
      debug "^4.1.0"
      globals "^11.1.0"
  
  "@babel/types@^7.22.15", "@babel/types@^7.22.19", "@babel/types@^7.22.5":
    version "7.22.19"
    resolved "https://registry.yarnpkg.com/@babel/types/-/types-7.22.19.tgz#7425343253556916e440e662bb221a93ddb75684"
    integrity sha512-P7LAw/LbojPzkgp5oznjE6tQEIWbp4PkkfrZDINTro9zgBRtI324/EYsiSI7lhPbpIQ+DCeR2NNmMWANGGfZsg==
    dependencies:
      "@babel/helper-string-parser" "^7.22.5"
      "@babel/helper-validator-identifier" "^7.22.19"
      to-fast-properties "^2.0.0"
  
  "@codemirror/autocomplete@^6.0.0":
    version "6.9.1"
  <<<<<<< HEAD
    resolved "https://registry.npmmirror.com/@codemirror/autocomplete/-/autocomplete-6.9.1.tgz#e0989c6a33a37604b5d2c896dcca7562ae3d7c61"
  =======
    resolved "https://registry.yarnpkg.com/@codemirror/autocomplete/-/autocomplete-6.9.1.tgz#e0989c6a33a37604b5d2c896dcca7562ae3d7c61"
      "@codemirror/language" "^6.0.0"
      "@codemirror/view" "^6.17.0"
      "@lezer/common" "^1.0.0"
  
  "@codemirror/commands@^6.0.0":
    version "6.2.5"
  <<<<<<< HEAD
    resolved "https://registry.npmmirror.com/@codemirror/commands/-/commands-6.2.5.tgz#e889f93f9cc85b32f6b2844d85d08688f695a6b8"
  =======
    resolved "https://registry.yarnpkg.com/@codemirror/commands/-/commands-6.2.5.tgz#e889f93f9cc85b32f6b2844d85d08688f695a6b8"
  >>>>>>> 39e6b346867ad4f801acd1c5333901c98f3b62de
    integrity sha512-dSi7ow2P2YgPBZflR9AJoaTHvqmeGIgkhignYMd5zK5y6DANTvxKxp6eMEpIDUJkRAaOY/TFZ4jP1ADIO/GLVA==
    dependencies:
      "@codemirror/language" "^6.0.0"
      "@codemirror/state" "^6.2.0"
      "@codemirror/view" "^6.0.0"
      "@lezer/common" "^1.0.0"
  
  "@codemirror/language@^6.0.0":
    version "6.9.0"
  <<<<<<< HEAD
    resolved "https://registry.npmmirror.com/@codemirror/language/-/language-6.9.0.tgz#c471ce1fdb9b1577f312bb68ef54fb4b76f7a420"
  =======
    resolved "https://registry.yarnpkg.com/@codemirror/language/-/language-6.9.0.tgz#c471ce1fdb9b1577f312bb68ef54fb4b76f7a420"
  >>>>>>> 39e6b346867ad4f801acd1c5333901c98f3b62de
    integrity sha512-nFu311/0ne/qGuGCL3oKuktBgzVOaxCHZPZv1tLSZkNjPYxxvkjSbzno3MlErG2tgw1Yw1yF8BxMCegeMXqpiw==
    dependencies:
      "@codemirror/state" "^6.0.0"
      "@codemirror/view" "^6.0.0"
      "@lezer/common" "^1.0.0"
      "@lezer/highlight" "^1.0.0"
      "@lezer/lr" "^1.0.0"
      style-mod "^4.0.0"
  
  "@codemirror/lint@^6.0.0":
    version "6.4.2"
  <<<<<<< HEAD
    resolved "https://registry.npmmirror.com/@codemirror/lint/-/lint-6.4.2.tgz#c13be5320bde9707efdc94e8bcd3c698abae0b92"
  =======
    resolved "https://registry.yarnpkg.com/@codemirror/lint/-/lint-6.4.2.tgz#c13be5320bde9707efdc94e8bcd3c698abae0b92"
  >>>>>>> 39e6b346867ad4f801acd1c5333901c98f3b62de
    integrity sha512-wzRkluWb1ptPKdzlsrbwwjYCPLgzU6N88YBAmlZi8WFyuiEduSd05MnJYNogzyc8rPK7pj6m95ptUApc8sHKVA==
    dependencies:
      "@codemirror/state" "^6.0.0"
      "@codemirror/view" "^6.0.0"
      crelt "^1.0.5"
  
  "@codemirror/search@^6.0.0":
    version "6.5.3"
  <<<<<<< HEAD
    resolved "https://registry.npmmirror.com/@codemirror/search/-/search-6.5.3.tgz#75e53d6cf44400fc03c4470349daad4d08827793"
  =======
    resolved "https://registry.yarnpkg.com/@codemirror/search/-/search-6.5.3.tgz#75e53d6cf44400fc03c4470349daad4d08827793"
  >>>>>>> 39e6b346867ad4f801acd1c5333901c98f3b62de
    integrity sha512-M1nGnpUTlOqp0Ywn6V30T8eFcuNFIDfx4+0ja5Wag+qQpL/HZgsIZ7FpE6qZatPziakgj+UXyZTrTUditrkwIQ==
    dependencies:
      "@codemirror/state" "^6.0.0"
      "@codemirror/view" "^6.0.0"
      crelt "^1.0.5"
  
  "@codemirror/state@^6.0.0", "@codemirror/state@^6.1.4", "@codemirror/state@^6.2.0":
    version "6.2.1"
  <<<<<<< HEAD
    resolved "https://registry.npmmirror.com/@codemirror/state/-/state-6.2.1.tgz#6dc8d8e5abb26b875e3164191872d69a5e85bd73"
  =======
    resolved "https://registry.yarnpkg.com/@codemirror/state/-/state-6.2.1.tgz#6dc8d8e5abb26b875e3164191872d69a5e85bd73"
  >>>>>>> 39e6b346867ad4f801acd1c5333901c98f3b62de
    integrity sha512-RupHSZ8+OjNT38zU9fKH2sv+Dnlr8Eb8sl4NOnnqz95mCFTZUaiRP8Xv5MeeaG0px2b8Bnfe7YGwCV3nsBhbuw==
  
  "@codemirror/view@^6.0.0", "@codemirror/view@^6.17.0":
    version "6.19.0"
  <<<<<<< HEAD
    resolved "https://registry.npmmirror.com/@codemirror/view/-/view-6.19.0.tgz#24b35e3797626a1b944ecd0a921126f669b2728d"
  =======
    resolved "https://registry.yarnpkg.com/@codemirror/view/-/view-6.19.0.tgz#24b35e3797626a1b944ecd0a921126f669b2728d"
  >>>>>>> 39e6b346867ad4f801acd1c5333901c98f3b62de
    integrity sha512-XqNIfW/3GaaF+T7Q1jBcRLCPm1NbrR2DBxrXacSt1FG+rNsdsNn3/azAfgpUoJ7yy4xgd8xTPa3AlL+y0lMizQ==
    dependencies:
      "@codemirror/state" "^6.1.4"
      style-mod "^4.1.0"
      w3c-keyname "^2.2.4"
  
  "@esbuild/linux-loong64@0.14.54":
    version "0.14.54"
  <<<<<<< HEAD
    resolved "https://registry.npmmirror.com/@esbuild/linux-loong64/-/linux-loong64-0.14.54.tgz#de2a4be678bd4d0d1ffbb86e6de779cde5999028"
  =======
    resolved "https://registry.yarnpkg.com/@esbuild/linux-loong64/-/linux-loong64-0.14.54.tgz#de2a4be678bd4d0d1ffbb86e6de779cde5999028"
  >>>>>>> 39e6b346867ad4f801acd1c5333901c98f3b62de
    integrity sha512-bZBrLAIX1kpWelV0XemxBZllyRmM6vgFQQG2GdNb+r3Fkp0FOh1NJSvekXDs7jq70k4euu1cryLMfU+mTXlEpw==
  
  "@eslint-community/eslint-utils@^4.2.0":
    version "4.4.0"
  <<<<<<< HEAD
    resolved "https://registry.npmmirror.com/@eslint-community/eslint-utils/-/eslint-utils-4.4.0.tgz#a23514e8fb9af1269d5f7788aa556798d61c6b59"
  =======
    resolved "https://registry.yarnpkg.com/@eslint-community/eslint-utils/-/eslint-utils-4.4.0.tgz#a23514e8fb9af1269d5f7788aa556798d61c6b59"
  >>>>>>> 39e6b346867ad4f801acd1c5333901c98f3b62de
    integrity sha512-1/sA4dwrzBAyeUoQ6oxahHKmrZvsnLCg4RfxW3ZFGGmQkSNQPFNLV9CUEFQP1x9EYXHTo5p6xdhZM1Ne9p/AfA==
    dependencies:
      eslint-visitor-keys "^3.3.0"
  
  "@eslint-community/regexpp@^4.4.0":
    version "4.8.1"
  <<<<<<< HEAD
    resolved "https://registry.npmmirror.com/@eslint-community/regexpp/-/regexpp-4.8.1.tgz#8c4bb756cc2aa7eaf13cfa5e69c83afb3260c20c"
  =======
    resolved "https://registry.yarnpkg.com/@eslint-community/regexpp/-/regexpp-4.8.1.tgz#8c4bb756cc2aa7eaf13cfa5e69c83afb3260c20c"
  >>>>>>> 39e6b346867ad4f801acd1c5333901c98f3b62de
    integrity sha512-PWiOzLIUAjN/w5K17PoF4n6sKBw0gqLHPhywmYHP4t1VFQQVYeb1yWsJwnMVEMl3tUHME7X/SJPZLmtG7XBDxQ==
  
  "@jridgewell/gen-mapping@^0.3.0", "@jridgewell/gen-mapping@^0.3.2":
    version "0.3.3"
  <<<<<<< HEAD
    resolved "https://registry.npmmirror.com/@jridgewell/gen-mapping/-/gen-mapping-0.3.3.tgz#7e02e6eb5df901aaedb08514203b096614024098"
  =======
    resolved "https://registry.yarnpkg.com/@jridgewell/gen-mapping/-/gen-mapping-0.3.3.tgz#7e02e6eb5df901aaedb08514203b096614024098"
  >>>>>>> 39e6b346867ad4f801acd1c5333901c98f3b62de
    integrity sha512-HLhSWOLRi875zjjMG/r+Nv0oCW8umGb0BgEhyX3dDX3egwZtB8PqLnjz3yedt8R5StBrzcg4aBpnh8UA9D1BoQ==
    dependencies:
      "@jridgewell/set-array" "^1.0.1"
      "@jridgewell/sourcemap-codec" "^1.4.10"
      "@jridgewell/trace-mapping" "^0.3.9"
  
  "@jridgewell/resolve-uri@^3.1.0":
    version "3.1.1"
  <<<<<<< HEAD
    resolved "https://registry.npmmirror.com/@jridgewell/resolve-uri/-/resolve-uri-3.1.1.tgz#c08679063f279615a3326583ba3a90d1d82cc721"
  =======
    resolved "https://registry.yarnpkg.com/@jridgewell/resolve-uri/-/resolve-uri-3.1.1.tgz#c08679063f279615a3326583ba3a90d1d82cc721"
  >>>>>>> 39e6b346867ad4f801acd1c5333901c98f3b62de
    integrity sha512-dSYZh7HhCDtCKm4QakX0xFpsRDqjjtZf/kjI/v3T3Nwt5r8/qz/M19F9ySyOqU94SXBmeG9ttTul+YnR4LOxFA==
  
  "@jridgewell/set-array@^1.0.1":
    version "1.1.2"
  <<<<<<< HEAD
    resolved "https://registry.npmmirror.com/@jridgewell/set-array/-/set-array-1.1.2.tgz#7c6cf998d6d20b914c0a55a91ae928ff25965e72"
  =======
    resolved "https://registry.yarnpkg.com/@jridgewell/set-array/-/set-array-1.1.2.tgz#7c6cf998d6d20b914c0a55a91ae928ff25965e72"
  >>>>>>> 39e6b346867ad4f801acd1c5333901c98f3b62de
    integrity sha512-xnkseuNADM0gt2bs+BvhO0p78Mk762YnZdsuzFV018NoG1Sj1SCQvpSqa7XUaTam5vAGasABV9qXASMKnFMwMw==
  
  "@jridgewell/sourcemap-codec@^1.4.10", "@jridgewell/sourcemap-codec@^1.4.14", "@jridgewell/sourcemap-codec@^1.4.15":
    version "1.4.15"
  <<<<<<< HEAD
    resolved "https://registry.npmmirror.com/@jridgewell/sourcemap-codec/-/sourcemap-codec-1.4.15.tgz#d7c6e6755c78567a951e04ab52ef0fd26de59f32"
  =======
    resolved "https://registry.yarnpkg.com/@jridgewell/sourcemap-codec/-/sourcemap-codec-1.4.15.tgz#d7c6e6755c78567a951e04ab52ef0fd26de59f32"
  >>>>>>> 39e6b346867ad4f801acd1c5333901c98f3b62de
    integrity sha512-eF2rxCRulEKXHTRiDrDy6erMYWqNw4LPdQ8UQA4huuxaQsVeRPFl2oM8oDGxMFhJUWZf9McpLtJasDDZb/Bpeg==
  
  "@jridgewell/trace-mapping@^0.3.17", "@jridgewell/trace-mapping@^0.3.9":
    version "0.3.19"
  <<<<<<< HEAD
    resolved "https://registry.npmmirror.com/@jridgewell/trace-mapping/-/trace-mapping-0.3.19.tgz#f8a3249862f91be48d3127c3cfe992f79b4b8811"
  =======
    resolved "https://registry.yarnpkg.com/@jridgewell/trace-mapping/-/trace-mapping-0.3.19.tgz#f8a3249862f91be48d3127c3cfe992f79b4b8811"
  >>>>>>> 39e6b346867ad4f801acd1c5333901c98f3b62de
    integrity sha512-kf37QtfW+Hwx/buWGMPcR60iF9ziHa6r/CZJIHbmcm4+0qrXiVdxegAH0F6yddEVQ7zdkjcGCgCzUu+BcbhQxw==
    dependencies:
      "@jridgewell/resolve-uri" "^3.1.0"
      "@jridgewell/sourcemap-codec" "^1.4.14"
  
  "@lezer/common@^1.0.0":
    version "1.0.4"
  <<<<<<< HEAD
    resolved "https://registry.npmmirror.com/@lezer/common/-/common-1.0.4.tgz#42b371138af846c1fe8ff5facd4360a670e30b4c"
  =======
    resolved "https://registry.yarnpkg.com/@lezer/common/-/common-1.0.4.tgz#42b371138af846c1fe8ff5facd4360a670e30b4c"
  >>>>>>> 39e6b346867ad4f801acd1c5333901c98f3b62de
    integrity sha512-lZHlk8p67x4aIDtJl6UQrXSOP6oi7dQR3W/geFVrENdA1JDaAJWldnVqVjPMJupbTKbzDfFcePfKttqVidS/dg==
  
  "@lezer/highlight@^1.0.0":
    version "1.1.6"
  <<<<<<< HEAD
    resolved "https://registry.npmmirror.com/@lezer/highlight/-/highlight-1.1.6.tgz#87e56468c0f43c2a8b3dc7f0b7c2804b34901556"
  =======
    resolved "https://registry.yarnpkg.com/@lezer/highlight/-/highlight-1.1.6.tgz#87e56468c0f43c2a8b3dc7f0b7c2804b34901556"
  >>>>>>> 39e6b346867ad4f801acd1c5333901c98f3b62de
    integrity sha512-cmSJYa2us+r3SePpRCjN5ymCqCPv+zyXmDl0ciWtVaNiORT/MxM7ZgOMQZADD0o51qOaOg24qc/zBViOIwAjJg==
    dependencies:
      "@lezer/common" "^1.0.0"
  
  "@lezer/lr@^1.0.0":
    version "1.3.10"
  <<<<<<< HEAD
    resolved "https://registry.npmmirror.com/@lezer/lr/-/lr-1.3.10.tgz#22833d2876ee61e302027620ee3ecf2c271e7a0f"
  =======
    resolved "https://registry.yarnpkg.com/@lezer/lr/-/lr-1.3.10.tgz#22833d2876ee61e302027620ee3ecf2c271e7a0f"
  >>>>>>> 39e6b346867ad4f801acd1c5333901c98f3b62de
    integrity sha512-BZfVvf7Re5BIwJHlZXbJn9L8lus5EonxQghyn+ih8Wl36XMFBPTXC0KM0IdUtj9w/diPHsKlXVgL+AlX2jYJ0Q==
    dependencies:
      "@lezer/common" "^1.0.0"
  
  "@nodelib/fs.scandir@2.1.5":
    version "2.1.5"
  <<<<<<< HEAD
    resolved "https://registry.npmmirror.com/@nodelib/fs.scandir/-/fs.scandir-2.1.5.tgz#7619c2eb21b25483f6d167548b4cfd5a7488c3d5"
  =======
    resolved "https://registry.yarnpkg.com/@nodelib/fs.scandir/-/fs.scandir-2.1.5.tgz#7619c2eb21b25483f6d167548b4cfd5a7488c3d5"
  >>>>>>> 39e6b346867ad4f801acd1c5333901c98f3b62de
    integrity sha512-vq24Bq3ym5HEQm2NKCr3yXDwjc7vTsEThRDnkp2DK9p1uqLR+DHurm/NOTo0KG7HYHU7eppKZj3MyqYuMBf62g==
    dependencies:
      "@nodelib/fs.stat" "2.0.5"
      run-parallel "^1.1.9"
  
  "@nodelib/fs.stat@2.0.5", "@nodelib/fs.stat@^2.0.2":
    version "2.0.5"
  <<<<<<< HEAD
    resolved "https://registry.npmmirror.com/@nodelib/fs.stat/-/fs.stat-2.0.5.tgz#5bd262af94e9d25bd1e71b05deed44876a222e8b"
  =======
    resolved "https://registry.yarnpkg.com/@nodelib/fs.stat/-/fs.stat-2.0.5.tgz#5bd262af94e9d25bd1e71b05deed44876a222e8b"
  >>>>>>> 39e6b346867ad4f801acd1c5333901c98f3b62de
    integrity sha512-RkhPPp2zrqDAQA/2jNhnztcPAlv64XdhIp7a7454A5ovI7Bukxgt7MX7udwAu3zg1DcpPU0rz3VV1SeaqvY4+A==
  
  "@nodelib/fs.walk@^1.2.3":
    version "1.2.8"
  <<<<<<< HEAD
    resolved "https://registry.npmmirror.com/@nodelib/fs.walk/-/fs.walk-1.2.8.tgz#e95737e8bb6746ddedf69c556953494f196fe69a"
  =======
    resolved "https://registry.yarnpkg.com/@nodelib/fs.walk/-/fs.walk-1.2.8.tgz#e95737e8bb6746ddedf69c556953494f196fe69a"
  >>>>>>> 39e6b346867ad4f801acd1c5333901c98f3b62de
    integrity sha512-oGB+UxlgWcgQkgwo8GcEGwemoTFt3FIO9ababBmaGwXIoBKZ+GTy0pP185beGg7Llih/NSHSV2XAs1lnznocSg==
    dependencies:
      "@nodelib/fs.scandir" "2.1.5"
      fastq "^1.6.0"
  
  "@the_tree/esbuild-plugin-vue3@^0.3.1":
    version "0.3.1"
  <<<<<<< HEAD
    resolved "https://registry.npmmirror.com/@the_tree/esbuild-plugin-vue3/-/esbuild-plugin-vue3-0.3.1.tgz#cdb62b5a3268a6d20c4ad6ea473cd6c440c90f35"
  =======
    resolved "https://registry.yarnpkg.com/@the_tree/esbuild-plugin-vue3/-/esbuild-plugin-vue3-0.3.1.tgz#cdb62b5a3268a6d20c4ad6ea473cd6c440c90f35"
  >>>>>>> 39e6b346867ad4f801acd1c5333901c98f3b62de
    integrity sha512-udrtAQkcfeFVUEtZ3FcOn8nkkrwwmFxbA1cdHfYKybhBNDyhqK7VF7q7sc+os6tQwgtbGeZ/2jn9EkFNHcKrpw==
    dependencies:
      "@babel/core" "^7.20.5"
      "@babel/plugin-syntax-import-meta" "^7.10.4"
      "@babel/plugin-transform-typescript" "^7.20.2"
      "@vue/babel-plugin-jsx" "^1.1.1"
      "@vue/compiler-core" "^3.2.26"
      "@vue/compiler-sfc" "^3.2.26"
      esbuild "^0.14.8"
      typescript "^4.7.4"
  
  "@types/codemirror@5.60.8":
    version "5.60.8"
  <<<<<<< HEAD
    resolved "https://registry.npmmirror.com/@types/codemirror/-/codemirror-5.60.8.tgz#b647d04b470e8e1836dd84b2879988fc55c9de68"
  =======
    resolved "https://registry.yarnpkg.com/@types/codemirror/-/codemirror-5.60.8.tgz#b647d04b470e8e1836dd84b2879988fc55c9de68"
  >>>>>>> 39e6b346867ad4f801acd1c5333901c98f3b62de
    integrity sha512-VjFgDF/eB+Aklcy15TtOTLQeMjTo07k7KAjql8OK5Dirr7a6sJY4T1uVBDuTVG9VEmn1uUsohOpYnVfgC6/jyw==
    dependencies:
      "@types/tern" "*"
  
  "@types/estree@*":
    version "1.0.1"
  <<<<<<< HEAD
    resolved "https://registry.npmmirror.com/@types/estree/-/estree-1.0.1.tgz#aa22750962f3bf0e79d753d3cc067f010c95f194"
    integrity sha512-LG4opVs2ANWZ1TJoKc937iMmNstM/d0ae1vNbnBvBhqCSezgVUOzcLCqbI5elV8Vy6WKwKjaqR+zO9VKirBBCA==
  
  "@types/json-schema@^7.0.9":
    version "7.0.12"
    resolved "https://registry.npmmirror.com/@types/json-schema/-/json-schema-7.0.12.tgz#d70faba7039d5fca54c83c7dbab41051d2b6f6cb"
    integrity sha512-Hr5Jfhc9eYOQNPYO5WLDq/n4jqijdHNlDXjuAQkkt+mWdQR+XJToOHrsD4cPaMXpn6KO7y2+wM8AZEs8VpBLVA==
  
  "@types/node@^16.11.6":
    version "16.18.51"
    resolved "https://registry.npmmirror.com/@types/node/-/node-16.18.51.tgz#f56210dd99e6fd51d8765488c6b8e5684ca47039"
    integrity sha512-LKA7ZhY30I8PiUOzBzhtnIULQTACpiEpPXLiYMWyS+tPAORf+rmXUadHZXB/KFrFyMjeHeKc1GFvLd+3f7LE3w==
  
  "@types/semver@^7.3.12":
    version "7.5.2"
    resolved "https://registry.npmmirror.com/@types/semver/-/semver-7.5.2.tgz#31f6eec1ed7ec23f4f05608d3a2d381df041f564"
  =======
    resolved "https://registry.yarnpkg.com/@types/estree/-/estree-1.0.1.tgz#aa22750962f3bf0e79d753d3cc067f010c95f194"
    integrity sha512-LG4opVs2ANWZ1TJoKc937iMmNstM/d0ae1vNbnBvBhqCSezgVUOzcLCqbI5elV8Vy6WKwKjaqR+zO9VKirBBCA==
  
  "@types/json-schema@^7.0.9":
    version "7.0.13"
    resolved "https://registry.yarnpkg.com/@types/json-schema/-/json-schema-7.0.13.tgz#02c24f4363176d2d18fc8b70b9f3c54aba178a85"
    integrity sha512-RbSSoHliUbnXj3ny0CNFOoxrIDV6SUGyStHsvDqosw6CkdPV8TtWGlfecuK4ToyMEAql6pzNxgCFKanovUzlgQ==
  
  "@types/node@^16.11.6":
    version "16.18.52"
    resolved "https://registry.yarnpkg.com/@types/node/-/node-16.18.52.tgz#70c56b55d0d7e15fafa875127e95a92605c59c9b"
    integrity sha512-sm2aph6cRSsTMFYFgI+RpPLunXO9ClJkpizUVdT7KmGeyfQ14xnjTMT/f3MHcfKqevXqGT6BgVFzW8wcEoDUtA==
  
  "@types/semver@^7.3.12":
    version "7.5.2"
    resolved "https://registry.yarnpkg.com/@types/semver/-/semver-7.5.2.tgz#31f6eec1ed7ec23f4f05608d3a2d381df041f564"
  >>>>>>> 39e6b346867ad4f801acd1c5333901c98f3b62de
    integrity sha512-7aqorHYgdNO4DM36stTiGO3DvKoex9TQRwsJU6vMaFGyqpBA1MNZkz+PG3gaNUPpTAOYhT1WR7M1JyA3fbS9Cw==
  
  "@types/tern@*":
    version "0.23.5"
  <<<<<<< HEAD
    resolved "https://registry.npmmirror.com/@types/tern/-/tern-0.23.5.tgz#8d369a06749ea83956885cb734788ec208a0e900"
  =======
    resolved "https://registry.yarnpkg.com/@types/tern/-/tern-0.23.5.tgz#8d369a06749ea83956885cb734788ec208a0e900"
  >>>>>>> 39e6b346867ad4f801acd1c5333901c98f3b62de
    integrity sha512-POau56wDk3TQ0mQ0qG7XDzv96U5whSENZ9lC0htDvEH+9YUREo+J2U+apWcVRgR2UydEE70JXZo44goG+akTNQ==
    dependencies:
      "@types/estree" "*"
  
  "@typescript-eslint/eslint-plugin@^5.2.0":
    version "5.62.0"
  <<<<<<< HEAD
    resolved "https://registry.npmmirror.com/@typescript-eslint/eslint-plugin/-/eslint-plugin-5.62.0.tgz#aeef0328d172b9e37d9bab6dbc13b87ed88977db"
  =======
    resolved "https://registry.yarnpkg.com/@typescript-eslint/eslint-plugin/-/eslint-plugin-5.62.0.tgz#aeef0328d172b9e37d9bab6dbc13b87ed88977db"
  >>>>>>> 39e6b346867ad4f801acd1c5333901c98f3b62de
    integrity sha512-TiZzBSJja/LbhNPvk6yc0JrX9XqhQ0hdh6M2svYfsHGejaKFIAGd9MQ+ERIMzLGlN/kZoYIgdxFV0PuljTKXag==
    dependencies:
      "@eslint-community/regexpp" "^4.4.0"
      "@typescript-eslint/scope-manager" "5.62.0"
      "@typescript-eslint/type-utils" "5.62.0"
      "@typescript-eslint/utils" "5.62.0"
      debug "^4.3.4"
      graphemer "^1.4.0"
      ignore "^5.2.0"
      natural-compare-lite "^1.4.0"
      semver "^7.3.7"
      tsutils "^3.21.0"
  
  "@typescript-eslint/parser@^5.2.0":
    version "5.62.0"
  <<<<<<< HEAD
    resolved "https://registry.npmmirror.com/@typescript-eslint/parser/-/parser-5.62.0.tgz#1b63d082d849a2fcae8a569248fbe2ee1b8a56c7"
  =======
    resolved "https://registry.yarnpkg.com/@typescript-eslint/parser/-/parser-5.62.0.tgz#1b63d082d849a2fcae8a569248fbe2ee1b8a56c7"
  >>>>>>> 39e6b346867ad4f801acd1c5333901c98f3b62de
    integrity sha512-VlJEV0fOQ7BExOsHYAGrgbEiZoi8D+Bl2+f6V2RrXerRSylnp+ZBHmPvaIa8cz0Ajx7WO7Z5RqfgYg7ED1nRhA==
    dependencies:
      "@typescript-eslint/scope-manager" "5.62.0"
      "@typescript-eslint/types" "5.62.0"
      "@typescript-eslint/typescript-estree" "5.62.0"
      debug "^4.3.4"
  
  "@typescript-eslint/scope-manager@5.62.0":
    version "5.62.0"
  <<<<<<< HEAD
    resolved "https://registry.npmmirror.com/@typescript-eslint/scope-manager/-/scope-manager-5.62.0.tgz#d9457ccc6a0b8d6b37d0eb252a23022478c5460c"
  =======
    resolved "https://registry.yarnpkg.com/@typescript-eslint/scope-manager/-/scope-manager-5.62.0.tgz#d9457ccc6a0b8d6b37d0eb252a23022478c5460c"
  >>>>>>> 39e6b346867ad4f801acd1c5333901c98f3b62de
    integrity sha512-VXuvVvZeQCQb5Zgf4HAxc04q5j+WrNAtNh9OwCsCgpKqESMTu3tF/jhZ3xG6T4NZwWl65Bg8KuS2uEvhSfLl0w==
    dependencies:
      "@typescript-eslint/types" "5.62.0"
      "@typescript-eslint/visitor-keys" "5.62.0"
  
  "@typescript-eslint/type-utils@5.62.0":
    version "5.62.0"
  <<<<<<< HEAD
    resolved "https://registry.npmmirror.com/@typescript-eslint/type-utils/-/type-utils-5.62.0.tgz#286f0389c41681376cdad96b309cedd17d70346a"
  =======
    resolved "https://registry.yarnpkg.com/@typescript-eslint/type-utils/-/type-utils-5.62.0.tgz#286f0389c41681376cdad96b309cedd17d70346a"
  >>>>>>> 39e6b346867ad4f801acd1c5333901c98f3b62de
    integrity sha512-xsSQreu+VnfbqQpW5vnCJdq1Z3Q0U31qiWmRhr98ONQmcp/yhiPJFPq8MXiJVLiksmOKSjIldZzkebzHuCGzew==
    dependencies:
      "@typescript-eslint/typescript-estree" "5.62.0"
      "@typescript-eslint/utils" "5.62.0"
      debug "^4.3.4"
      tsutils "^3.21.0"
  
  "@typescript-eslint/types@5.62.0":
    version "5.62.0"
  <<<<<<< HEAD
    resolved "https://registry.npmmirror.com/@typescript-eslint/types/-/types-5.62.0.tgz#258607e60effa309f067608931c3df6fed41fd2f"
  =======
    resolved "https://registry.yarnpkg.com/@typescript-eslint/types/-/types-5.62.0.tgz#258607e60effa309f067608931c3df6fed41fd2f"
  >>>>>>> 39e6b346867ad4f801acd1c5333901c98f3b62de
    integrity sha512-87NVngcbVXUahrRTqIK27gD2t5Cu1yuCXxbLcFtCzZGlfyVWWh8mLHkoxzjsB6DDNnvdL+fW8MiwPEJyGJQDgQ==
  
  "@typescript-eslint/typescript-estree@5.62.0":
    version "5.62.0"
  <<<<<<< HEAD
    resolved "https://registry.npmmirror.com/@typescript-eslint/typescript-estree/-/typescript-estree-5.62.0.tgz#7d17794b77fabcac615d6a48fb143330d962eb9b"
  =======
    resolved "https://registry.yarnpkg.com/@typescript-eslint/typescript-estree/-/typescript-estree-5.62.0.tgz#7d17794b77fabcac615d6a48fb143330d962eb9b"
  >>>>>>> 39e6b346867ad4f801acd1c5333901c98f3b62de
    integrity sha512-CmcQ6uY7b9y694lKdRB8FEel7JbU/40iSAPomu++SjLMntB+2Leay2LO6i8VnJk58MtE9/nQSFIH6jpyRWyYzA==
    dependencies:
      "@typescript-eslint/types" "5.62.0"
      "@typescript-eslint/visitor-keys" "5.62.0"
      debug "^4.3.4"
      globby "^11.1.0"
      is-glob "^4.0.3"
      semver "^7.3.7"
      tsutils "^3.21.0"
  
  "@typescript-eslint/utils@5.62.0":
    version "5.62.0"
  <<<<<<< HEAD
    resolved "https://registry.npmmirror.com/@typescript-eslint/utils/-/utils-5.62.0.tgz#141e809c71636e4a75daa39faed2fb5f4b10df86"
  =======
    resolved "https://registry.yarnpkg.com/@typescript-eslint/utils/-/utils-5.62.0.tgz#141e809c71636e4a75daa39faed2fb5f4b10df86"
  >>>>>>> 39e6b346867ad4f801acd1c5333901c98f3b62de
    integrity sha512-n8oxjeb5aIbPFEtmQxQYOLI0i9n5ySBEY/ZEHHZqKQSFnxio1rv6dthascc9dLuwrL0RC5mPCxB7vnAVGAYWAQ==
    dependencies:
      "@eslint-community/eslint-utils" "^4.2.0"
      "@types/json-schema" "^7.0.9"
      "@types/semver" "^7.3.12"
      "@typescript-eslint/scope-manager" "5.62.0"
      "@typescript-eslint/types" "5.62.0"
      "@typescript-eslint/typescript-estree" "5.62.0"
      eslint-scope "^5.1.1"
      semver "^7.3.7"
  
  "@typescript-eslint/visitor-keys@5.62.0":
    version "5.62.0"
  <<<<<<< HEAD
    resolved "https://registry.npmmirror.com/@typescript-eslint/visitor-keys/-/visitor-keys-5.62.0.tgz#2174011917ce582875954ffe2f6912d5931e353e"
  =======
    resolved "https://registry.yarnpkg.com/@typescript-eslint/visitor-keys/-/visitor-keys-5.62.0.tgz#2174011917ce582875954ffe2f6912d5931e353e"
  >>>>>>> 39e6b346867ad4f801acd1c5333901c98f3b62de
    integrity sha512-07ny+LHRzQXepkGg6w0mFY41fVUNBrL2Roj/++7V1txKugfjm/Ci/qSND03r2RhlJhJYMcTn9AhhSSqQp0Ysyw==
    dependencies:
      "@typescript-eslint/types" "5.62.0"
      eslint-visitor-keys "^3.3.0"
  
  "@vue/babel-helper-vue-transform-on@^1.1.5":
    version "1.1.5"
  <<<<<<< HEAD
    resolved "https://registry.npmmirror.com/@vue/babel-helper-vue-transform-on/-/babel-helper-vue-transform-on-1.1.5.tgz#a976486b21e108e545524fe41ffe3fc9bbc28c7f"
  =======
    resolved "https://registry.yarnpkg.com/@vue/babel-helper-vue-transform-on/-/babel-helper-vue-transform-on-1.1.5.tgz#a976486b21e108e545524fe41ffe3fc9bbc28c7f"
  >>>>>>> 39e6b346867ad4f801acd1c5333901c98f3b62de
    integrity sha512-SgUymFpMoAyWeYWLAY+MkCK3QEROsiUnfaw5zxOVD/M64KQs8D/4oK6Q5omVA2hnvEOE0SCkH2TZxs/jnnUj7w==
  
  "@vue/babel-plugin-jsx@^1.1.1":
    version "1.1.5"
  <<<<<<< HEAD
    resolved "https://registry.npmmirror.com/@vue/babel-plugin-jsx/-/babel-plugin-jsx-1.1.5.tgz#5088bae7dbb83531d94df3742ff650c12fd54973"
  =======
    resolved "https://registry.yarnpkg.com/@vue/babel-plugin-jsx/-/babel-plugin-jsx-1.1.5.tgz#5088bae7dbb83531d94df3742ff650c12fd54973"
  >>>>>>> 39e6b346867ad4f801acd1c5333901c98f3b62de
    integrity sha512-nKs1/Bg9U1n3qSWnsHhCVQtAzI6aQXqua8j/bZrau8ywT1ilXQbK4FwEJGmU8fV7tcpuFvWmmN7TMmV1OBma1g==
    dependencies:
      "@babel/helper-module-imports" "^7.22.5"
      "@babel/plugin-syntax-jsx" "^7.22.5"
      "@babel/template" "^7.22.5"
      "@babel/traverse" "^7.22.5"
      "@babel/types" "^7.22.5"
      "@vue/babel-helper-vue-transform-on" "^1.1.5"
      camelcase "^6.3.0"
      html-tags "^3.3.1"
      svg-tags "^1.0.0"
  
  "@vue/compiler-core@3.3.4", "@vue/compiler-core@^3.2.26":
    version "3.3.4"
  <<<<<<< HEAD
    resolved "https://registry.npmmirror.com/@vue/compiler-core/-/compiler-core-3.3.4.tgz#7fbf591c1c19e1acd28ffd284526e98b4f581128"
  =======
    resolved "https://registry.yarnpkg.com/@vue/compiler-core/-/compiler-core-3.3.4.tgz#7fbf591c1c19e1acd28ffd284526e98b4f581128"
  >>>>>>> 39e6b346867ad4f801acd1c5333901c98f3b62de
    integrity sha512-cquyDNvZ6jTbf/+x+AgM2Arrp6G4Dzbb0R64jiG804HRMfRiFXWI6kqUVqZ6ZR0bQhIoQjB4+2bhNtVwndW15g==
    dependencies:
      "@babel/parser" "^7.21.3"
      "@vue/shared" "3.3.4"
      estree-walker "^2.0.2"
      source-map-js "^1.0.2"
  
  "@vue/compiler-dom@3.3.4":
    version "3.3.4"
  <<<<<<< HEAD
    resolved "https://registry.npmmirror.com/@vue/compiler-dom/-/compiler-dom-3.3.4.tgz#f56e09b5f4d7dc350f981784de9713d823341151"
  =======
    resolved "https://registry.yarnpkg.com/@vue/compiler-dom/-/compiler-dom-3.3.4.tgz#f56e09b5f4d7dc350f981784de9713d823341151"
  >>>>>>> 39e6b346867ad4f801acd1c5333901c98f3b62de
    integrity sha512-wyM+OjOVpuUukIq6p5+nwHYtj9cFroz9cwkfmP9O1nzH68BenTTv0u7/ndggT8cIQlnBeOo6sUT/gvHcIkLA5w==
    dependencies:
      "@vue/compiler-core" "3.3.4"
      "@vue/shared" "3.3.4"
  
  "@vue/compiler-sfc@3.3.4", "@vue/compiler-sfc@^3.2.26":
    version "3.3.4"
  <<<<<<< HEAD
    resolved "https://registry.npmmirror.com/@vue/compiler-sfc/-/compiler-sfc-3.3.4.tgz#b19d942c71938893535b46226d602720593001df"
  =======
    resolved "https://registry.yarnpkg.com/@vue/compiler-sfc/-/compiler-sfc-3.3.4.tgz#b19d942c71938893535b46226d602720593001df"
  >>>>>>> 39e6b346867ad4f801acd1c5333901c98f3b62de
    integrity sha512-6y/d8uw+5TkCuzBkgLS0v3lSM3hJDntFEiUORM11pQ/hKvkhSKZrXW6i69UyXlJQisJxuUEJKAWEqWbWsLeNKQ==
    dependencies:
      "@babel/parser" "^7.20.15"
      "@vue/compiler-core" "3.3.4"
      "@vue/compiler-dom" "3.3.4"
      "@vue/compiler-ssr" "3.3.4"
      "@vue/reactivity-transform" "3.3.4"
      "@vue/shared" "3.3.4"
      estree-walker "^2.0.2"
      magic-string "^0.30.0"
      postcss "^8.1.10"
      source-map-js "^1.0.2"
  
  "@vue/compiler-ssr@3.3.4":
    version "3.3.4"
  <<<<<<< HEAD
    resolved "https://registry.npmmirror.com/@vue/compiler-ssr/-/compiler-ssr-3.3.4.tgz#9d1379abffa4f2b0cd844174ceec4a9721138777"
  =======
    resolved "https://registry.yarnpkg.com/@vue/compiler-ssr/-/compiler-ssr-3.3.4.tgz#9d1379abffa4f2b0cd844174ceec4a9721138777"
  >>>>>>> 39e6b346867ad4f801acd1c5333901c98f3b62de
    integrity sha512-m0v6oKpup2nMSehwA6Uuu+j+wEwcy7QmwMkVNVfrV9P2qE5KshC6RwOCq8fjGS/Eak/uNb8AaWekfiXxbBB6gQ==
    dependencies:
      "@vue/compiler-dom" "3.3.4"
      "@vue/shared" "3.3.4"
  
  "@vue/reactivity-transform@3.3.4":
    version "3.3.4"
  <<<<<<< HEAD
    resolved "https://registry.npmmirror.com/@vue/reactivity-transform/-/reactivity-transform-3.3.4.tgz#52908476e34d6a65c6c21cd2722d41ed8ae51929"
  =======
    resolved "https://registry.yarnpkg.com/@vue/reactivity-transform/-/reactivity-transform-3.3.4.tgz#52908476e34d6a65c6c21cd2722d41ed8ae51929"
  >>>>>>> 39e6b346867ad4f801acd1c5333901c98f3b62de
    integrity sha512-MXgwjako4nu5WFLAjpBnCj/ieqcjE2aJBINUNQzkZQfzIZA4xn+0fV1tIYBJvvva3N3OvKGofRLvQIwEQPpaXw==
    dependencies:
      "@babel/parser" "^7.20.15"
      "@vue/compiler-core" "3.3.4"
      "@vue/shared" "3.3.4"
      estree-walker "^2.0.2"
      magic-string "^0.30.0"
  
  "@vue/reactivity@3.3.4":
    version "3.3.4"
  <<<<<<< HEAD
    resolved "https://registry.npmmirror.com/@vue/reactivity/-/reactivity-3.3.4.tgz#a27a29c6cd17faba5a0e99fbb86ee951653e2253"
  =======
    resolved "https://registry.yarnpkg.com/@vue/reactivity/-/reactivity-3.3.4.tgz#a27a29c6cd17faba5a0e99fbb86ee951653e2253"
  >>>>>>> 39e6b346867ad4f801acd1c5333901c98f3b62de
    integrity sha512-kLTDLwd0B1jG08NBF3R5rqULtv/f8x3rOFByTDz4J53ttIQEDmALqKqXY0J+XQeN0aV2FBxY8nJDf88yvOPAqQ==
    dependencies:
      "@vue/shared" "3.3.4"
  
  "@vue/runtime-core@3.3.4":
    version "3.3.4"
  <<<<<<< HEAD
    resolved "https://registry.npmmirror.com/@vue/runtime-core/-/runtime-core-3.3.4.tgz#4bb33872bbb583721b340f3088888394195967d1"
  =======
    resolved "https://registry.yarnpkg.com/@vue/runtime-core/-/runtime-core-3.3.4.tgz#4bb33872bbb583721b340f3088888394195967d1"
  >>>>>>> 39e6b346867ad4f801acd1c5333901c98f3b62de
    integrity sha512-R+bqxMN6pWO7zGI4OMlmvePOdP2c93GsHFM/siJI7O2nxFRzj55pLwkpCedEY+bTMgp5miZ8CxfIZo3S+gFqvA==
    dependencies:
      "@vue/reactivity" "3.3.4"
      "@vue/shared" "3.3.4"
  
  "@vue/runtime-dom@3.3.4":
    version "3.3.4"
  <<<<<<< HEAD
    resolved "https://registry.npmmirror.com/@vue/runtime-dom/-/runtime-dom-3.3.4.tgz#992f2579d0ed6ce961f47bbe9bfe4b6791251566"
  =======
    resolved "https://registry.yarnpkg.com/@vue/runtime-dom/-/runtime-dom-3.3.4.tgz#992f2579d0ed6ce961f47bbe9bfe4b6791251566"
  >>>>>>> 39e6b346867ad4f801acd1c5333901c98f3b62de
    integrity sha512-Aj5bTJ3u5sFsUckRghsNjVTtxZQ1OyMWCr5dZRAPijF/0Vy4xEoRCwLyHXcj4D0UFbJ4lbx3gPTgg06K/GnPnQ==
    dependencies:
      "@vue/runtime-core" "3.3.4"
      "@vue/shared" "3.3.4"
      csstype "^3.1.1"
  
  "@vue/server-renderer@3.3.4":
    version "3.3.4"
  <<<<<<< HEAD
    resolved "https://registry.npmmirror.com/@vue/server-renderer/-/server-renderer-3.3.4.tgz#ea46594b795d1536f29bc592dd0f6655f7ea4c4c"
  =======
    resolved "https://registry.yarnpkg.com/@vue/server-renderer/-/server-renderer-3.3.4.tgz#ea46594b795d1536f29bc592dd0f6655f7ea4c4c"
  >>>>>>> 39e6b346867ad4f801acd1c5333901c98f3b62de
    integrity sha512-Q6jDDzR23ViIb67v+vM1Dqntu+HUexQcsWKhhQa4ARVzxOY2HbC7QRW/ggkDBd5BU+uM1sV6XOAP0b216o34JQ==
    dependencies:
      "@vue/compiler-ssr" "3.3.4"
      "@vue/shared" "3.3.4"
  
  "@vue/shared@3.3.4":
    version "3.3.4"
  <<<<<<< HEAD
    resolved "https://registry.npmmirror.com/@vue/shared/-/shared-3.3.4.tgz#06e83c5027f464eef861c329be81454bc8b70780"
  =======
    resolved "https://registry.yarnpkg.com/@vue/shared/-/shared-3.3.4.tgz#06e83c5027f464eef861c329be81454bc8b70780"
  >>>>>>> 39e6b346867ad4f801acd1c5333901c98f3b62de
    integrity sha512-7OjdcV8vQ74eiz1TZLzZP4JwqM5fA94K6yntPS5Z25r9HDuGNzaGdgvwKYq6S+MxwF0TFRwe50fIR/MYnakdkQ==
  
  ansi-styles@^3.2.1:
    version "3.2.1"
  <<<<<<< HEAD
    resolved "https://registry.npmmirror.com/ansi-styles/-/ansi-styles-3.2.1.tgz#41fbb20243e50b12be0f04b8dedbf07520ce841d"
  =======
    resolved "https://registry.yarnpkg.com/ansi-styles/-/ansi-styles-3.2.1.tgz#41fbb20243e50b12be0f04b8dedbf07520ce841d"
  >>>>>>> 39e6b346867ad4f801acd1c5333901c98f3b62de
    integrity sha512-VT0ZI6kZRdTh8YyJw3SMbYm/u+NqfsAxEpWO0Pf9sq8/e94WxxOpPKx9FR1FlyCtOVDNOQ+8ntlqFxiRc+r5qA==
    dependencies:
      color-convert "^1.9.0"
  
  array-union@^2.1.0:
    version "2.1.0"
  <<<<<<< HEAD
    resolved "https://registry.npmmirror.com/array-union/-/array-union-2.1.0.tgz#b798420adbeb1de828d84acd8a2e23d3efe85e8d"
  =======
    resolved "https://registry.yarnpkg.com/array-union/-/array-union-2.1.0.tgz#b798420adbeb1de828d84acd8a2e23d3efe85e8d"
  >>>>>>> 39e6b346867ad4f801acd1c5333901c98f3b62de
    integrity sha512-HGyxoOTYUyCM6stUe6EJgnd4EoewAI7zMdfqO+kGjnlZmBDz/cR5pf8r/cR4Wq60sL/p0IkcjUEEPwS3GFrIyw==
  
  braces@^3.0.2:
    version "3.0.2"
  <<<<<<< HEAD
    resolved "https://registry.npmmirror.com/braces/-/braces-3.0.2.tgz#3454e1a462ee8d599e236df336cd9ea4f8afe107"
  =======
    resolved "https://registry.yarnpkg.com/braces/-/braces-3.0.2.tgz#3454e1a462ee8d599e236df336cd9ea4f8afe107"
  >>>>>>> 39e6b346867ad4f801acd1c5333901c98f3b62de
    integrity sha512-b8um+L1RzM3WDSzvhm6gIz1yfTbBt6YTlcEKAvsmqCZZFw46z626lVj9j1yEPW33H5H+lBQpZMP1k8l+78Ha0A==
    dependencies:
      fill-range "^7.0.1"
  
  browserslist@^4.21.9:
    version "4.21.10"
  <<<<<<< HEAD
    resolved "https://registry.npmmirror.com/browserslist/-/browserslist-4.21.10.tgz#dbbac576628c13d3b2231332cb2ec5a46e015bb0"
  =======
    resolved "https://registry.yarnpkg.com/browserslist/-/browserslist-4.21.10.tgz#dbbac576628c13d3b2231332cb2ec5a46e015bb0"
  >>>>>>> 39e6b346867ad4f801acd1c5333901c98f3b62de
    integrity sha512-bipEBdZfVH5/pwrvqc+Ub0kUPVfGUhlKxbvfD+z1BDnPEO/X98ruXGA1WP5ASpAFKan7Qr6j736IacbZQuAlKQ==
    dependencies:
      caniuse-lite "^1.0.30001517"
      electron-to-chromium "^1.4.477"
      node-releases "^2.0.13"
      update-browserslist-db "^1.0.11"
  
  builtin-modules@^3.2.0:
    version "3.3.0"
  <<<<<<< HEAD
    resolved "https://registry.npmmirror.com/builtin-modules/-/builtin-modules-3.3.0.tgz#cae62812b89801e9656336e46223e030386be7b6"
  =======
    resolved "https://registry.yarnpkg.com/builtin-modules/-/builtin-modules-3.3.0.tgz#cae62812b89801e9656336e46223e030386be7b6"
  >>>>>>> 39e6b346867ad4f801acd1c5333901c98f3b62de
    integrity sha512-zhaCDicdLuWN5UbN5IMnFqNMhNfo919sH85y2/ea+5Yg9TsTkeZxpL+JLbp6cgYFS4sRLp3YV4S6yDuqVWHYOw==
  
  camelcase@^6.3.0:
    version "6.3.0"
  <<<<<<< HEAD
    resolved "https://registry.npmmirror.com/camelcase/-/camelcase-6.3.0.tgz#5685b95eb209ac9c0c177467778c9c84df58ba9a"
  =======
    resolved "https://registry.yarnpkg.com/camelcase/-/camelcase-6.3.0.tgz#5685b95eb209ac9c0c177467778c9c84df58ba9a"
  >>>>>>> 39e6b346867ad4f801acd1c5333901c98f3b62de
    integrity sha512-Gmy6FhYlCY7uOElZUSbxo2UCDH8owEk996gkbrpsgGtrJLM3J7jGxl9Ic7Qwwj4ivOE5AWZWRMecDdF7hqGjFA==
  
  caniuse-lite@^1.0.30001517:
    version "1.0.30001534"
  <<<<<<< HEAD
    resolved "https://registry.npmmirror.com/caniuse-lite/-/caniuse-lite-1.0.30001534.tgz#f24a9b2a6d39630bac5c132b5dff89b39a12e7dd"
  =======
    resolved "https://registry.yarnpkg.com/caniuse-lite/-/caniuse-lite-1.0.30001534.tgz#f24a9b2a6d39630bac5c132b5dff89b39a12e7dd"
  >>>>>>> 39e6b346867ad4f801acd1c5333901c98f3b62de
    integrity sha512-vlPVrhsCS7XaSh2VvWluIQEzVhefrUQcEsQWSS5A5V+dM07uv1qHeQzAOTGIMy9i3e9bH15+muvI/UHojVgS/Q==
  
  chalk@^2.4.2:
    version "2.4.2"
  <<<<<<< HEAD
    resolved "https://registry.npmmirror.com/chalk/-/chalk-2.4.2.tgz#cd42541677a54333cf541a49108c1432b44c9424"
  =======
    resolved "https://registry.yarnpkg.com/chalk/-/chalk-2.4.2.tgz#cd42541677a54333cf541a49108c1432b44c9424"
  >>>>>>> 39e6b346867ad4f801acd1c5333901c98f3b62de
    integrity sha512-Mti+f9lpJNcwF4tWV8/OrTTtF1gZi+f8FqlyAdouralcFWFQWF2+NgCHShjkCb+IFBLq9buZwE1xckQU4peSuQ==
    dependencies:
      ansi-styles "^3.2.1"
      escape-string-regexp "^1.0.5"
      supports-color "^5.3.0"
  
  codemirror@^6.0.1:
    version "6.0.1"
  <<<<<<< HEAD
    resolved "https://registry.npmmirror.com/codemirror/-/codemirror-6.0.1.tgz#62b91142d45904547ee3e0e0e4c1a79158035a29"
  =======
    resolved "https://registry.yarnpkg.com/codemirror/-/codemirror-6.0.1.tgz#62b91142d45904547ee3e0e0e4c1a79158035a29"
  >>>>>>> 39e6b346867ad4f801acd1c5333901c98f3b62de
    integrity sha512-J8j+nZ+CdWmIeFIGXEFbFPtpiYacFMDR8GlHK3IyHQJMCaVRfGx9NT+Hxivv1ckLWPvNdZqndbr/7lVhrf/Svg==
    dependencies:
      "@codemirror/autocomplete" "^6.0.0"
      "@codemirror/commands" "^6.0.0"
      "@codemirror/language" "^6.0.0"
      "@codemirror/lint" "^6.0.0"
      "@codemirror/search" "^6.0.0"
      "@codemirror/state" "^6.0.0"
      "@codemirror/view" "^6.0.0"
  
  color-convert@^1.9.0:
    version "1.9.3"
  <<<<<<< HEAD
    resolved "https://registry.npmmirror.com/color-convert/-/color-convert-1.9.3.tgz#bb71850690e1f136567de629d2d5471deda4c1e8"
  =======
    resolved "https://registry.yarnpkg.com/color-convert/-/color-convert-1.9.3.tgz#bb71850690e1f136567de629d2d5471deda4c1e8"
  >>>>>>> 39e6b346867ad4f801acd1c5333901c98f3b62de
    integrity sha512-QfAUtd+vFdAtFQcC8CCyYt1fYWxSqAiK2cSD6zDB8N3cpsEBAvRxp9zOGg6G/SHHJYAT88/az/IuDGALsNVbGg==
    dependencies:
      color-name "1.1.3"
  
  color-name@1.1.3:
    version "1.1.3"
  <<<<<<< HEAD
    resolved "https://registry.npmmirror.com/color-name/-/color-name-1.1.3.tgz#a7d0558bd89c42f795dd42328f740831ca53bc25"
  =======
    resolved "https://registry.yarnpkg.com/color-name/-/color-name-1.1.3.tgz#a7d0558bd89c42f795dd42328f740831ca53bc25"
  >>>>>>> 39e6b346867ad4f801acd1c5333901c98f3b62de
    integrity sha512-72fSenhMw2HZMTVHeCA9KCmpEIbzWiQsjN+BHcBbS9vr1mtt+vJjPdksIBNUmKAW8TFUDPJK5SUU3QhE9NEXDw==
  
  convert-source-map@^1.7.0:
    version "1.9.0"
  <<<<<<< HEAD
    resolved "https://registry.npmmirror.com/convert-source-map/-/convert-source-map-1.9.0.tgz#7faae62353fb4213366d0ca98358d22e8368b05f"
  =======
    resolved "https://registry.yarnpkg.com/convert-source-map/-/convert-source-map-1.9.0.tgz#7faae62353fb4213366d0ca98358d22e8368b05f"
  >>>>>>> 39e6b346867ad4f801acd1c5333901c98f3b62de
    integrity sha512-ASFBup0Mz1uyiIjANan1jzLQami9z1PoYSZCiiYW2FczPbenXc45FZdBZLzOT+r6+iciuEModtmCti+hjaAk0A==
  
  crelt@^1.0.5:
    version "1.0.6"
  <<<<<<< HEAD
    resolved "https://registry.npmmirror.com/crelt/-/crelt-1.0.6.tgz#7cc898ea74e190fb6ef9dae57f8f81cf7302df72"
  =======
    resolved "https://registry.yarnpkg.com/crelt/-/crelt-1.0.6.tgz#7cc898ea74e190fb6ef9dae57f8f81cf7302df72"
  >>>>>>> 39e6b346867ad4f801acd1c5333901c98f3b62de
    integrity sha512-VQ2MBenTq1fWZUH9DJNGti7kKv6EeAuYr3cLwxUWhIu1baTaXh4Ib5W2CqHVqib4/MqbYGJqiL3Zb8GJZr3l4g==
  
  csstype@^3.1.1:
    version "3.1.2"
  <<<<<<< HEAD
    resolved "https://registry.npmmirror.com/csstype/-/csstype-3.1.2.tgz#1d4bf9d572f11c14031f0436e1c10bc1f571f50b"
  =======
    resolved "https://registry.yarnpkg.com/csstype/-/csstype-3.1.2.tgz#1d4bf9d572f11c14031f0436e1c10bc1f571f50b"
  >>>>>>> 39e6b346867ad4f801acd1c5333901c98f3b62de
    integrity sha512-I7K1Uu0MBPzaFKg4nI5Q7Vs2t+3gWWW648spaF+Rg7pI9ds18Ugn+lvg4SHczUdKlHI5LWBXyqfS8+DufyBsgQ==
  
  debug@^4.1.0, debug@^4.3.4:
    version "4.3.4"
  <<<<<<< HEAD
    resolved "https://registry.npmmirror.com/debug/-/debug-4.3.4.tgz#1319f6579357f2338d3337d2cdd4914bb5dcc865"
  =======
    resolved "https://registry.yarnpkg.com/debug/-/debug-4.3.4.tgz#1319f6579357f2338d3337d2cdd4914bb5dcc865"
  >>>>>>> 39e6b346867ad4f801acd1c5333901c98f3b62de
    integrity sha512-PRWFHuSU3eDtQJPvnNY7Jcket1j0t5OuOsFzPPzsekD52Zl8qUfFIPEiswXqIvHWGVHOgX+7G/vCNNhehwxfkQ==
    dependencies:
      ms "2.1.2"
  
  dir-glob@^3.0.1:
    version "3.0.1"
  <<<<<<< HEAD
    resolved "https://registry.npmmirror.com/dir-glob/-/dir-glob-3.0.1.tgz#56dbf73d992a4a93ba1584f4534063fd2e41717f"
  =======
    resolved "https://registry.yarnpkg.com/dir-glob/-/dir-glob-3.0.1.tgz#56dbf73d992a4a93ba1584f4534063fd2e41717f"
  >>>>>>> 39e6b346867ad4f801acd1c5333901c98f3b62de
    integrity sha512-WkrWp9GR4KXfKGYzOLmTuGVi1UWFfws377n9cc55/tb6DuqyF6pcQ5AbiHEshaDpY9v6oaSr2XCDidGmMwdzIA==
    dependencies:
      path-type "^4.0.0"
  
  electron-to-chromium@^1.4.477:
  <<<<<<< HEAD
    version "1.4.522"
    resolved "https://registry.npmmirror.com/electron-to-chromium/-/electron-to-chromium-1.4.522.tgz#ef29e5508571d52cf45806536dba5d397492667d"
    integrity sha512-KGKjcafTpOxda0kqwQ72M0tDmX6RsGhUJTy0Hr7slt0+CgHh9Oex8JdjY9Og68dUkTLUlBOJC0A5W5Mw3QSGCg==
  
  esbuild-android-64@0.14.54:
    version "0.14.54"
    resolved "https://registry.npmmirror.com/esbuild-android-64/-/esbuild-android-64-0.14.54.tgz#505f41832884313bbaffb27704b8bcaa2d8616be"
  =======
    version "1.4.523"
    resolved "https://registry.yarnpkg.com/electron-to-chromium/-/electron-to-chromium-1.4.523.tgz#f82f99243c827df05c26776d49712cb284972df6"
    integrity sha512-9AreocSUWnzNtvLcbpng6N+GkXnCcBR80IQkxRC9Dfdyg4gaWNUPBujAHUpKkiUkoSoR9UlhA4zD/IgBklmhzg==
  
  esbuild-android-64@0.14.54:
    version "0.14.54"
    resolved "https://registry.yarnpkg.com/esbuild-android-64/-/esbuild-android-64-0.14.54.tgz#505f41832884313bbaffb27704b8bcaa2d8616be"
  >>>>>>> 39e6b346867ad4f801acd1c5333901c98f3b62de
    integrity sha512-Tz2++Aqqz0rJ7kYBfz+iqyE3QMycD4vk7LBRyWaAVFgFtQ/O8EJOnVmTOiDWYZ/uYzB4kvP+bqejYdVKzE5lAQ==
  
  esbuild-android-arm64@0.14.54:
    version "0.14.54"
  <<<<<<< HEAD
    resolved "https://registry.npmmirror.com/esbuild-android-arm64/-/esbuild-android-arm64-0.14.54.tgz#8ce69d7caba49646e009968fe5754a21a9871771"
  =======
    resolved "https://registry.yarnpkg.com/esbuild-android-arm64/-/esbuild-android-arm64-0.14.54.tgz#8ce69d7caba49646e009968fe5754a21a9871771"
  >>>>>>> 39e6b346867ad4f801acd1c5333901c98f3b62de
    integrity sha512-F9E+/QDi9sSkLaClO8SOV6etqPd+5DgJje1F9lOWoNncDdOBL2YF59IhsWATSt0TLZbYCf3pNlTHvVV5VfHdvg==
  
  esbuild-darwin-64@0.14.54:
    version "0.14.54"
  <<<<<<< HEAD
    resolved "https://registry.npmmirror.com/esbuild-darwin-64/-/esbuild-darwin-64-0.14.54.tgz#24ba67b9a8cb890a3c08d9018f887cc221cdda25"
  =======
    resolved "https://registry.yarnpkg.com/esbuild-darwin-64/-/esbuild-darwin-64-0.14.54.tgz#24ba67b9a8cb890a3c08d9018f887cc221cdda25"
  >>>>>>> 39e6b346867ad4f801acd1c5333901c98f3b62de
    integrity sha512-jtdKWV3nBviOd5v4hOpkVmpxsBy90CGzebpbO9beiqUYVMBtSc0AL9zGftFuBon7PNDcdvNCEuQqw2x0wP9yug==
  
  esbuild-darwin-arm64@0.14.54:
    version "0.14.54"
  <<<<<<< HEAD
    resolved "https://registry.npmmirror.com/esbuild-darwin-arm64/-/esbuild-darwin-arm64-0.14.54.tgz#3f7cdb78888ee05e488d250a2bdaab1fa671bf73"
  =======
    resolved "https://registry.yarnpkg.com/esbuild-darwin-arm64/-/esbuild-darwin-arm64-0.14.54.tgz#3f7cdb78888ee05e488d250a2bdaab1fa671bf73"
  >>>>>>> 39e6b346867ad4f801acd1c5333901c98f3b62de
    integrity sha512-OPafJHD2oUPyvJMrsCvDGkRrVCar5aVyHfWGQzY1dWnzErjrDuSETxwA2HSsyg2jORLY8yBfzc1MIpUkXlctmw==
  
  esbuild-freebsd-64@0.14.54:
    version "0.14.54"
  <<<<<<< HEAD
    resolved "https://registry.npmmirror.com/esbuild-freebsd-64/-/esbuild-freebsd-64-0.14.54.tgz#09250f997a56ed4650f3e1979c905ffc40bbe94d"
  =======
    resolved "https://registry.yarnpkg.com/esbuild-freebsd-64/-/esbuild-freebsd-64-0.14.54.tgz#09250f997a56ed4650f3e1979c905ffc40bbe94d"
  >>>>>>> 39e6b346867ad4f801acd1c5333901c98f3b62de
    integrity sha512-OKwd4gmwHqOTp4mOGZKe/XUlbDJ4Q9TjX0hMPIDBUWWu/kwhBAudJdBoxnjNf9ocIB6GN6CPowYpR/hRCbSYAg==
  
  esbuild-freebsd-arm64@0.14.54:
    version "0.14.54"
  <<<<<<< HEAD
    resolved "https://registry.npmmirror.com/esbuild-freebsd-arm64/-/esbuild-freebsd-arm64-0.14.54.tgz#bafb46ed04fc5f97cbdb016d86947a79579f8e48"
  =======
    resolved "https://registry.yarnpkg.com/esbuild-freebsd-arm64/-/esbuild-freebsd-arm64-0.14.54.tgz#bafb46ed04fc5f97cbdb016d86947a79579f8e48"
  >>>>>>> 39e6b346867ad4f801acd1c5333901c98f3b62de
    integrity sha512-sFwueGr7OvIFiQT6WeG0jRLjkjdqWWSrfbVwZp8iMP+8UHEHRBvlaxL6IuKNDwAozNUmbb8nIMXa7oAOARGs1Q==
  
  esbuild-linux-32@0.14.54:
    version "0.14.54"
  <<<<<<< HEAD
    resolved "https://registry.npmmirror.com/esbuild-linux-32/-/esbuild-linux-32-0.14.54.tgz#e2a8c4a8efdc355405325033fcebeb941f781fe5"
  =======
    resolved "https://registry.yarnpkg.com/esbuild-linux-32/-/esbuild-linux-32-0.14.54.tgz#e2a8c4a8efdc355405325033fcebeb941f781fe5"
  >>>>>>> 39e6b346867ad4f801acd1c5333901c98f3b62de
    integrity sha512-1ZuY+JDI//WmklKlBgJnglpUL1owm2OX+8E1syCD6UAxcMM/XoWd76OHSjl/0MR0LisSAXDqgjT3uJqT67O3qw==
  
  esbuild-linux-64@0.14.54:
    version "0.14.54"
  <<<<<<< HEAD
    resolved "https://registry.npmmirror.com/esbuild-linux-64/-/esbuild-linux-64-0.14.54.tgz#de5fdba1c95666cf72369f52b40b03be71226652"
  =======
    resolved "https://registry.yarnpkg.com/esbuild-linux-64/-/esbuild-linux-64-0.14.54.tgz#de5fdba1c95666cf72369f52b40b03be71226652"
  >>>>>>> 39e6b346867ad4f801acd1c5333901c98f3b62de
    integrity sha512-EgjAgH5HwTbtNsTqQOXWApBaPVdDn7XcK+/PtJwZLT1UmpLoznPd8c5CxqsH2dQK3j05YsB3L17T8vE7cp4cCg==
  
  esbuild-linux-arm64@0.14.54:
    version "0.14.54"
  <<<<<<< HEAD
    resolved "https://registry.npmmirror.com/esbuild-linux-arm64/-/esbuild-linux-arm64-0.14.54.tgz#dae4cd42ae9787468b6a5c158da4c84e83b0ce8b"
  =======
    resolved "https://registry.yarnpkg.com/esbuild-linux-arm64/-/esbuild-linux-arm64-0.14.54.tgz#dae4cd42ae9787468b6a5c158da4c84e83b0ce8b"
  >>>>>>> 39e6b346867ad4f801acd1c5333901c98f3b62de
    integrity sha512-WL71L+0Rwv+Gv/HTmxTEmpv0UgmxYa5ftZILVi2QmZBgX3q7+tDeOQNqGtdXSdsL8TQi1vIaVFHUPDe0O0kdig==
  
  esbuild-linux-arm@0.14.54:
    version "0.14.54"
  <<<<<<< HEAD
    resolved "https://registry.npmmirror.com/esbuild-linux-arm/-/esbuild-linux-arm-0.14.54.tgz#a2c1dff6d0f21dbe8fc6998a122675533ddfcd59"
  =======
    resolved "https://registry.yarnpkg.com/esbuild-linux-arm/-/esbuild-linux-arm-0.14.54.tgz#a2c1dff6d0f21dbe8fc6998a122675533ddfcd59"
  >>>>>>> 39e6b346867ad4f801acd1c5333901c98f3b62de
    integrity sha512-qqz/SjemQhVMTnvcLGoLOdFpCYbz4v4fUo+TfsWG+1aOu70/80RV6bgNpR2JCrppV2moUQkww+6bWxXRL9YMGw==
  
  esbuild-linux-mips64le@0.14.54:
    version "0.14.54"
  <<<<<<< HEAD
    resolved "https://registry.npmmirror.com/esbuild-linux-mips64le/-/esbuild-linux-mips64le-0.14.54.tgz#d9918e9e4cb972f8d6dae8e8655bf9ee131eda34"
  =======
    resolved "https://registry.yarnpkg.com/esbuild-linux-mips64le/-/esbuild-linux-mips64le-0.14.54.tgz#d9918e9e4cb972f8d6dae8e8655bf9ee131eda34"
  >>>>>>> 39e6b346867ad4f801acd1c5333901c98f3b62de
    integrity sha512-qTHGQB8D1etd0u1+sB6p0ikLKRVuCWhYQhAHRPkO+OF3I/iSlTKNNS0Lh2Oc0g0UFGguaFZZiPJdJey3AGpAlw==
  
  esbuild-linux-ppc64le@0.14.54:
    version "0.14.54"
  <<<<<<< HEAD
    resolved "https://registry.npmmirror.com/esbuild-linux-ppc64le/-/esbuild-linux-ppc64le-0.14.54.tgz#3f9a0f6d41073fb1a640680845c7de52995f137e"
  =======
    resolved "https://registry.yarnpkg.com/esbuild-linux-ppc64le/-/esbuild-linux-ppc64le-0.14.54.tgz#3f9a0f6d41073fb1a640680845c7de52995f137e"
  >>>>>>> 39e6b346867ad4f801acd1c5333901c98f3b62de
    integrity sha512-j3OMlzHiqwZBDPRCDFKcx595XVfOfOnv68Ax3U4UKZ3MTYQB5Yz3X1mn5GnodEVYzhtZgxEBidLWeIs8FDSfrQ==
  
  esbuild-linux-riscv64@0.14.54:
    version "0.14.54"
  <<<<<<< HEAD
    resolved "https://registry.npmmirror.com/esbuild-linux-riscv64/-/esbuild-linux-riscv64-0.14.54.tgz#618853c028178a61837bc799d2013d4695e451c8"
  =======
    resolved "https://registry.yarnpkg.com/esbuild-linux-riscv64/-/esbuild-linux-riscv64-0.14.54.tgz#618853c028178a61837bc799d2013d4695e451c8"
  >>>>>>> 39e6b346867ad4f801acd1c5333901c98f3b62de
    integrity sha512-y7Vt7Wl9dkOGZjxQZnDAqqn+XOqFD7IMWiewY5SPlNlzMX39ocPQlOaoxvT4FllA5viyV26/QzHtvTjVNOxHZg==
  
  esbuild-linux-s390x@0.14.54:
    version "0.14.54"
  <<<<<<< HEAD
    resolved "https://registry.npmmirror.com/esbuild-linux-s390x/-/esbuild-linux-s390x-0.14.54.tgz#d1885c4c5a76bbb5a0fe182e2c8c60eb9e29f2a6"
  =======
    resolved "https://registry.yarnpkg.com/esbuild-linux-s390x/-/esbuild-linux-s390x-0.14.54.tgz#d1885c4c5a76bbb5a0fe182e2c8c60eb9e29f2a6"
  >>>>>>> 39e6b346867ad4f801acd1c5333901c98f3b62de
    integrity sha512-zaHpW9dziAsi7lRcyV4r8dhfG1qBidQWUXweUjnw+lliChJqQr+6XD71K41oEIC3Mx1KStovEmlzm+MkGZHnHA==
  
  esbuild-netbsd-64@0.14.54:
    version "0.14.54"
  <<<<<<< HEAD
    resolved "https://registry.npmmirror.com/esbuild-netbsd-64/-/esbuild-netbsd-64-0.14.54.tgz#69ae917a2ff241b7df1dbf22baf04bd330349e81"
  =======
    resolved "https://registry.yarnpkg.com/esbuild-netbsd-64/-/esbuild-netbsd-64-0.14.54.tgz#69ae917a2ff241b7df1dbf22baf04bd330349e81"
  >>>>>>> 39e6b346867ad4f801acd1c5333901c98f3b62de
    integrity sha512-PR01lmIMnfJTgeU9VJTDY9ZerDWVFIUzAtJuDHwwceppW7cQWjBBqP48NdeRtoP04/AtO9a7w3viI+PIDr6d+w==
  
  esbuild-openbsd-64@0.14.54:
    version "0.14.54"
  <<<<<<< HEAD
    resolved "https://registry.npmmirror.com/esbuild-openbsd-64/-/esbuild-openbsd-64-0.14.54.tgz#db4c8495287a350a6790de22edea247a57c5d47b"
  =======
    resolved "https://registry.yarnpkg.com/esbuild-openbsd-64/-/esbuild-openbsd-64-0.14.54.tgz#db4c8495287a350a6790de22edea247a57c5d47b"
  >>>>>>> 39e6b346867ad4f801acd1c5333901c98f3b62de
    integrity sha512-Qyk7ikT2o7Wu76UsvvDS5q0amJvmRzDyVlL0qf5VLsLchjCa1+IAvd8kTBgUxD7VBUUVgItLkk609ZHUc1oCaw==
  
  esbuild-sunos-64@0.14.54:
    version "0.14.54"
  <<<<<<< HEAD
    resolved "https://registry.npmmirror.com/esbuild-sunos-64/-/esbuild-sunos-64-0.14.54.tgz#54287ee3da73d3844b721c21bc80c1dc7e1bf7da"
  =======
    resolved "https://registry.yarnpkg.com/esbuild-sunos-64/-/esbuild-sunos-64-0.14.54.tgz#54287ee3da73d3844b721c21bc80c1dc7e1bf7da"
  >>>>>>> 39e6b346867ad4f801acd1c5333901c98f3b62de
    integrity sha512-28GZ24KmMSeKi5ueWzMcco6EBHStL3B6ubM7M51RmPwXQGLe0teBGJocmWhgwccA1GeFXqxzILIxXpHbl9Q/Kw==
  
  esbuild-windows-32@0.14.54:
    version "0.14.54"
  <<<<<<< HEAD
    resolved "https://registry.npmmirror.com/esbuild-windows-32/-/esbuild-windows-32-0.14.54.tgz#f8aaf9a5667630b40f0fb3aa37bf01bbd340ce31"
  =======
    resolved "https://registry.yarnpkg.com/esbuild-windows-32/-/esbuild-windows-32-0.14.54.tgz#f8aaf9a5667630b40f0fb3aa37bf01bbd340ce31"
  >>>>>>> 39e6b346867ad4f801acd1c5333901c98f3b62de
    integrity sha512-T+rdZW19ql9MjS7pixmZYVObd9G7kcaZo+sETqNH4RCkuuYSuv9AGHUVnPoP9hhuE1WM1ZimHz1CIBHBboLU7w==
  
  esbuild-windows-64@0.14.54:
    version "0.14.54"
  <<<<<<< HEAD
    resolved "https://registry.npmmirror.com/esbuild-windows-64/-/esbuild-windows-64-0.14.54.tgz#bf54b51bd3e9b0f1886ffdb224a4176031ea0af4"
  =======
    resolved "https://registry.yarnpkg.com/esbuild-windows-64/-/esbuild-windows-64-0.14.54.tgz#bf54b51bd3e9b0f1886ffdb224a4176031ea0af4"
  >>>>>>> 39e6b346867ad4f801acd1c5333901c98f3b62de
    integrity sha512-AoHTRBUuYwXtZhjXZbA1pGfTo8cJo3vZIcWGLiUcTNgHpJJMC1rVA44ZereBHMJtotyN71S8Qw0npiCIkW96cQ==
  
  esbuild-windows-arm64@0.14.54:
    version "0.14.54"
  <<<<<<< HEAD
    resolved "https://registry.npmmirror.com/esbuild-windows-arm64/-/esbuild-windows-arm64-0.14.54.tgz#937d15675a15e4b0e4fafdbaa3a01a776a2be982"
  =======
    resolved "https://registry.yarnpkg.com/esbuild-windows-arm64/-/esbuild-windows-arm64-0.14.54.tgz#937d15675a15e4b0e4fafdbaa3a01a776a2be982"
  >>>>>>> 39e6b346867ad4f801acd1c5333901c98f3b62de
    integrity sha512-M0kuUvXhot1zOISQGXwWn6YtS+Y/1RT9WrVIOywZnJHo3jCDyewAc79aKNQWFCQm+xNHVTq9h8dZKvygoXQQRg==
  
  esbuild@^0.14.49, esbuild@^0.14.8:
    version "0.14.54"
  <<<<<<< HEAD
    resolved "https://registry.npmmirror.com/esbuild/-/esbuild-0.14.54.tgz#8b44dcf2b0f1a66fc22459943dccf477535e9aa2"
  =======
    resolved "https://registry.yarnpkg.com/esbuild/-/esbuild-0.14.54.tgz#8b44dcf2b0f1a66fc22459943dccf477535e9aa2"
  >>>>>>> 39e6b346867ad4f801acd1c5333901c98f3b62de
    integrity sha512-Cy9llcy8DvET5uznocPyqL3BFRrFXSVqbgpMJ9Wz8oVjZlh/zUSNbPRbov0VX7VxN2JH1Oa0uNxZ7eLRb62pJA==
    optionalDependencies:
      "@esbuild/linux-loong64" "0.14.54"
      esbuild-android-64 "0.14.54"
      esbuild-android-arm64 "0.14.54"
      esbuild-darwin-64 "0.14.54"
      esbuild-darwin-arm64 "0.14.54"
      esbuild-freebsd-64 "0.14.54"
      esbuild-freebsd-arm64 "0.14.54"
      esbuild-linux-32 "0.14.54"
      esbuild-linux-64 "0.14.54"
      esbuild-linux-arm "0.14.54"
      esbuild-linux-arm64 "0.14.54"
      esbuild-linux-mips64le "0.14.54"
      esbuild-linux-ppc64le "0.14.54"
      esbuild-linux-riscv64 "0.14.54"
      esbuild-linux-s390x "0.14.54"
      esbuild-netbsd-64 "0.14.54"
      esbuild-openbsd-64 "0.14.54"
      esbuild-sunos-64 "0.14.54"
      esbuild-windows-32 "0.14.54"
      esbuild-windows-64 "0.14.54"
      esbuild-windows-arm64 "0.14.54"
  
  escalade@^3.1.1:
    version "3.1.1"
  <<<<<<< HEAD
    resolved "https://registry.npmmirror.com/escalade/-/escalade-3.1.1.tgz#d8cfdc7000965c5a0174b4a82eaa5c0552742e40"
  =======
    resolved "https://registry.yarnpkg.com/escalade/-/escalade-3.1.1.tgz#d8cfdc7000965c5a0174b4a82eaa5c0552742e40"
  >>>>>>> 39e6b346867ad4f801acd1c5333901c98f3b62de
    integrity sha512-k0er2gUkLf8O0zKJiAhmkTnJlTvINGv7ygDNPbeIsX/TJjGJZHuh9B2UxbsaEkmlEo9MfhrSzmhIlhRlI2GXnw==
  
  escape-string-regexp@^1.0.5:
    version "1.0.5"
  <<<<<<< HEAD
    resolved "https://registry.npmmirror.com/escape-string-regexp/-/escape-string-regexp-1.0.5.tgz#1b61c0562190a8dff6ae3bb2cf0200ca130b86d4"
  =======
    resolved "https://registry.yarnpkg.com/escape-string-regexp/-/escape-string-regexp-1.0.5.tgz#1b61c0562190a8dff6ae3bb2cf0200ca130b86d4"
  >>>>>>> 39e6b346867ad4f801acd1c5333901c98f3b62de
    integrity sha512-vbRorB5FUQWvla16U8R/qgaFIya2qGzwDrNmCZuYKrbdSUMG6I1ZCGQRefkRVhuOkIGVne7BQ35DSfo1qvJqFg==
  
  eslint-scope@^5.1.1:
    version "5.1.1"
  <<<<<<< HEAD
    resolved "https://registry.npmmirror.com/eslint-scope/-/eslint-scope-5.1.1.tgz#e786e59a66cb92b3f6c1fb0d508aab174848f48c"
  =======
    resolved "https://registry.yarnpkg.com/eslint-scope/-/eslint-scope-5.1.1.tgz#e786e59a66cb92b3f6c1fb0d508aab174848f48c"
  >>>>>>> 39e6b346867ad4f801acd1c5333901c98f3b62de
    integrity sha512-2NxwbF/hZ0KpepYN0cNbo+FN6XoK7GaHlQhgx/hIZl6Va0bF45RQOOwhLIy8lQDbuCiadSLCBnH2CFYquit5bw==
    dependencies:
      esrecurse "^4.3.0"
      estraverse "^4.1.1"
  
  eslint-visitor-keys@^3.3.0:
    version "3.4.3"
  <<<<<<< HEAD
    resolved "https://registry.npmmirror.com/eslint-visitor-keys/-/eslint-visitor-keys-3.4.3.tgz#0cd72fe8550e3c2eae156a96a4dddcd1c8ac5800"
  =======
    resolved "https://registry.yarnpkg.com/eslint-visitor-keys/-/eslint-visitor-keys-3.4.3.tgz#0cd72fe8550e3c2eae156a96a4dddcd1c8ac5800"
  >>>>>>> 39e6b346867ad4f801acd1c5333901c98f3b62de
    integrity sha512-wpc+LXeiyiisxPlEkUzU6svyS1frIO3Mgxj1fdy7Pm8Ygzguax2N3Fa/D/ag1WqbOprdI+uY6wMUl8/a2G+iag==
  
  esrecurse@^4.3.0:
    version "4.3.0"
  <<<<<<< HEAD
    resolved "https://registry.npmmirror.com/esrecurse/-/esrecurse-4.3.0.tgz#7ad7964d679abb28bee72cec63758b1c5d2c9921"
  =======
    resolved "https://registry.yarnpkg.com/esrecurse/-/esrecurse-4.3.0.tgz#7ad7964d679abb28bee72cec63758b1c5d2c9921"
  >>>>>>> 39e6b346867ad4f801acd1c5333901c98f3b62de
    integrity sha512-KmfKL3b6G+RXvP8N1vr3Tq1kL/oCFgn2NYXEtqP8/L3pKapUA4G8cFVaoF3SU323CD4XypR/ffioHmkti6/Tag==
    dependencies:
      estraverse "^5.2.0"
  
  estraverse@^4.1.1:
    version "4.3.0"
  <<<<<<< HEAD
    resolved "https://registry.npmmirror.com/estraverse/-/estraverse-4.3.0.tgz#398ad3f3c5a24948be7725e83d11a7de28cdbd1d"
  =======
    resolved "https://registry.yarnpkg.com/estraverse/-/estraverse-4.3.0.tgz#398ad3f3c5a24948be7725e83d11a7de28cdbd1d"
  >>>>>>> 39e6b346867ad4f801acd1c5333901c98f3b62de
    integrity sha512-39nnKffWz8xN1BU/2c79n9nB9HDzo0niYUqx6xyqUnyoAnQyyWpOTdZEeiCch8BBu515t4wp9ZmgVfVhn9EBpw==
  
  estraverse@^5.2.0:
    version "5.3.0"
  <<<<<<< HEAD
    resolved "https://registry.npmmirror.com/estraverse/-/estraverse-5.3.0.tgz#2eea5290702f26ab8fe5370370ff86c965d21123"
  =======
    resolved "https://registry.yarnpkg.com/estraverse/-/estraverse-5.3.0.tgz#2eea5290702f26ab8fe5370370ff86c965d21123"
  >>>>>>> 39e6b346867ad4f801acd1c5333901c98f3b62de
    integrity sha512-MMdARuVEQziNTeJD8DgMqmhwR11BRQ/cBP+pLtYdSTnf3MIO8fFeiINEbX36ZdNlfU/7A9f3gUw49B3oQsvwBA==
  
  estree-walker@^2.0.2:
    version "2.0.2"
  <<<<<<< HEAD
    resolved "https://registry.npmmirror.com/estree-walker/-/estree-walker-2.0.2.tgz#52f010178c2a4c117a7757cfe942adb7d2da4cac"
  =======
    resolved "https://registry.yarnpkg.com/estree-walker/-/estree-walker-2.0.2.tgz#52f010178c2a4c117a7757cfe942adb7d2da4cac"
  >>>>>>> 39e6b346867ad4f801acd1c5333901c98f3b62de
    integrity sha512-Rfkk/Mp/DL7JVje3u18FxFujQlTNR2q6QfMSMB7AvCBx91NGj/ba3kCfza0f6dVDbw7YlRf/nDrn7pQrCCyQ/w==
  
  fast-glob@^3.2.9:
    version "3.3.1"
  <<<<<<< HEAD
    resolved "https://registry.npmmirror.com/fast-glob/-/fast-glob-3.3.1.tgz#784b4e897340f3dbbef17413b3f11acf03c874c4"
  =======
    resolved "https://registry.yarnpkg.com/fast-glob/-/fast-glob-3.3.1.tgz#784b4e897340f3dbbef17413b3f11acf03c874c4"
  >>>>>>> 39e6b346867ad4f801acd1c5333901c98f3b62de
    integrity sha512-kNFPyjhh5cKjrUltxs+wFx+ZkbRaxxmZ+X0ZU31SOsxCEtP9VPgtq2teZw1DebupL5GmDaNQ6yKMMVcM41iqDg==
    dependencies:
      "@nodelib/fs.stat" "^2.0.2"
      "@nodelib/fs.walk" "^1.2.3"
      glob-parent "^5.1.2"
      merge2 "^1.3.0"
      micromatch "^4.0.4"
  
  fastq@^1.6.0:
    version "1.15.0"
  <<<<<<< HEAD
    resolved "https://registry.npmmirror.com/fastq/-/fastq-1.15.0.tgz#d04d07c6a2a68fe4599fea8d2e103a937fae6b3a"
  =======
    resolved "https://registry.yarnpkg.com/fastq/-/fastq-1.15.0.tgz#d04d07c6a2a68fe4599fea8d2e103a937fae6b3a"
  >>>>>>> 39e6b346867ad4f801acd1c5333901c98f3b62de
    integrity sha512-wBrocU2LCXXa+lWBt8RoIRD89Fi8OdABODa/kEnyeyjS5aZO5/GNvI5sEINADqP/h8M29UHTHUb53sUu5Ihqdw==
    dependencies:
      reusify "^1.0.4"
  
  fill-range@^7.0.1:
    version "7.0.1"
  <<<<<<< HEAD
    resolved "https://registry.npmmirror.com/fill-range/-/fill-range-7.0.1.tgz#1919a6a7c75fe38b2c7c77e5198535da9acdda40"
  =======
    resolved "https://registry.yarnpkg.com/fill-range/-/fill-range-7.0.1.tgz#1919a6a7c75fe38b2c7c77e5198535da9acdda40"
  >>>>>>> 39e6b346867ad4f801acd1c5333901c98f3b62de
    integrity sha512-qOo9F+dMUmC2Lcb4BbVvnKJxTPjCm+RRpe4gDuGrzkL7mEVl/djYSu2OdQ2Pa302N4oqkSg9ir6jaLWJ2USVpQ==
    dependencies:
      to-regex-range "^5.0.1"
  
  gensync@^1.0.0-beta.2:
    version "1.0.0-beta.2"
  <<<<<<< HEAD
    resolved "https://registry.npmmirror.com/gensync/-/gensync-1.0.0-beta.2.tgz#32a6ee76c3d7f52d46b2b1ae5d93fea8580a25e0"
  =======
    resolved "https://registry.yarnpkg.com/gensync/-/gensync-1.0.0-beta.2.tgz#32a6ee76c3d7f52d46b2b1ae5d93fea8580a25e0"
  >>>>>>> 39e6b346867ad4f801acd1c5333901c98f3b62de
    integrity sha512-3hN7NaskYvMDLQY55gnW3NQ+mesEAepTqlg+VEbj7zzqEMBVNhzcGYYeqFo/TlYz6eQiFcp1HcsCZO+nGgS8zg==
  
  glob-parent@^5.1.2:
    version "5.1.2"
  <<<<<<< HEAD
    resolved "https://registry.npmmirror.com/glob-parent/-/glob-parent-5.1.2.tgz#869832c58034fe68a4093c17dc15e8340d8401c4"
  =======
    resolved "https://registry.yarnpkg.com/glob-parent/-/glob-parent-5.1.2.tgz#869832c58034fe68a4093c17dc15e8340d8401c4"
  >>>>>>> 39e6b346867ad4f801acd1c5333901c98f3b62de
    integrity sha512-AOIgSQCepiJYwP3ARnGx+5VnTu2HBYdzbGP45eLw1vr3zB3vZLeyed1sC9hnbcOc9/SrMyM5RPQrkGz4aS9Zow==
    dependencies:
      is-glob "^4.0.1"
  
  globals@^11.1.0:
    version "11.12.0"
  <<<<<<< HEAD
    resolved "https://registry.npmmirror.com/globals/-/globals-11.12.0.tgz#ab8795338868a0babd8525758018c2a7eb95c42e"
  =======
    resolved "https://registry.yarnpkg.com/globals/-/globals-11.12.0.tgz#ab8795338868a0babd8525758018c2a7eb95c42e"
  >>>>>>> 39e6b346867ad4f801acd1c5333901c98f3b62de
    integrity sha512-WOBp/EEGUiIsJSp7wcv/y6MO+lV9UoncWqxuFfm8eBwzWNgyfBd6Gz+IeKQ9jCmyhoH99g15M3T+QaVHFjizVA==
  
  globby@^11.1.0:
    version "11.1.0"
  <<<<<<< HEAD
    resolved "https://registry.npmmirror.com/globby/-/globby-11.1.0.tgz#bd4be98bb042f83d796f7e3811991fbe82a0d34b"
  =======
    resolved "https://registry.yarnpkg.com/globby/-/globby-11.1.0.tgz#bd4be98bb042f83d796f7e3811991fbe82a0d34b"
  >>>>>>> 39e6b346867ad4f801acd1c5333901c98f3b62de
    integrity sha512-jhIXaOzy1sb8IyocaruWSn1TjmnBVs8Ayhcy83rmxNJ8q2uWKCAj3CnJY+KpGSXCueAPc0i05kVvVKtP1t9S3g==
    dependencies:
      array-union "^2.1.0"
      dir-glob "^3.0.1"
      fast-glob "^3.2.9"
      ignore "^5.2.0"
      merge2 "^1.4.1"
      slash "^3.0.0"
  
  graphemer@^1.4.0:
    version "1.4.0"
  <<<<<<< HEAD
    resolved "https://registry.npmmirror.com/graphemer/-/graphemer-1.4.0.tgz#fb2f1d55e0e3a1849aeffc90c4fa0dd53a0e66c6"
  =======
    resolved "https://registry.yarnpkg.com/graphemer/-/graphemer-1.4.0.tgz#fb2f1d55e0e3a1849aeffc90c4fa0dd53a0e66c6"
  >>>>>>> 39e6b346867ad4f801acd1c5333901c98f3b62de
    integrity sha512-EtKwoO6kxCL9WO5xipiHTZlSzBm7WLT627TqC/uVRd0HKmq8NXyebnNYxDoBi7wt8eTWrUrKXCOVaFq9x1kgag==
  
  has-flag@^3.0.0:
    version "3.0.0"
  <<<<<<< HEAD
    resolved "https://registry.npmmirror.com/has-flag/-/has-flag-3.0.0.tgz#b5d454dc2199ae225699f3467e5a07f3b955bafd"
  =======
    resolved "https://registry.yarnpkg.com/has-flag/-/has-flag-3.0.0.tgz#b5d454dc2199ae225699f3467e5a07f3b955bafd"
  >>>>>>> 39e6b346867ad4f801acd1c5333901c98f3b62de
    integrity sha512-sKJf1+ceQBr4SMkvQnBDNDtf4TXpVhVGateu0t918bl30FnbE2m4vNLX+VWe/dpjlb+HugGYzW7uQXH98HPEYw==
  
  hash-sum@^2.0.0:
    version "2.0.0"
  <<<<<<< HEAD
    resolved "https://registry.npmmirror.com/hash-sum/-/hash-sum-2.0.0.tgz#81d01bb5de8ea4a214ad5d6ead1b523460b0b45a"
  =======
    resolved "https://registry.yarnpkg.com/hash-sum/-/hash-sum-2.0.0.tgz#81d01bb5de8ea4a214ad5d6ead1b523460b0b45a"
  >>>>>>> 39e6b346867ad4f801acd1c5333901c98f3b62de
    integrity sha512-WdZTbAByD+pHfl/g9QSsBIIwy8IT+EsPiKDs0KNX+zSHhdDLFKdZu0BQHljvO+0QI/BasbMSUa8wYNCZTvhslg==
  
  html-tags@^3.3.1:
    version "3.3.1"
  <<<<<<< HEAD
    resolved "https://registry.npmmirror.com/html-tags/-/html-tags-3.3.1.tgz#a04026a18c882e4bba8a01a3d39cfe465d40b5ce"
  =======
    resolved "https://registry.yarnpkg.com/html-tags/-/html-tags-3.3.1.tgz#a04026a18c882e4bba8a01a3d39cfe465d40b5ce"
  >>>>>>> 39e6b346867ad4f801acd1c5333901c98f3b62de
    integrity sha512-ztqyC3kLto0e9WbNp0aeP+M3kTt+nbaIveGmUxAtZa+8iFgKLUOD4YKM5j+f3QD89bra7UeumolZHKuOXnTmeQ==
  
  ignore@^5.2.0:
    version "5.2.4"
  <<<<<<< HEAD
    resolved "https://registry.npmmirror.com/ignore/-/ignore-5.2.4.tgz#a291c0c6178ff1b960befe47fcdec301674a6324"
  =======
    resolved "https://registry.yarnpkg.com/ignore/-/ignore-5.2.4.tgz#a291c0c6178ff1b960befe47fcdec301674a6324"
  >>>>>>> 39e6b346867ad4f801acd1c5333901c98f3b62de
    integrity sha512-MAb38BcSbH0eHNBxn7ql2NH/kX33OkB3lZ1BNdh7ENeRChHTYsTvWrMubiIAMNS2llXEEgZ1MUOBtXChP3kaFQ==
  
  is-extglob@^2.1.1:
    version "2.1.1"
  <<<<<<< HEAD
    resolved "https://registry.npmmirror.com/is-extglob/-/is-extglob-2.1.1.tgz#a88c02535791f02ed37c76a1b9ea9773c833f8c2"
  =======
    resolved "https://registry.yarnpkg.com/is-extglob/-/is-extglob-2.1.1.tgz#a88c02535791f02ed37c76a1b9ea9773c833f8c2"
  >>>>>>> 39e6b346867ad4f801acd1c5333901c98f3b62de
    integrity sha512-SbKbANkN603Vi4jEZv49LeVJMn4yGwsbzZworEoyEiutsN3nJYdbO36zfhGJ6QEDpOZIFkDtnq5JRxmvl3jsoQ==
  
  is-glob@^4.0.1, is-glob@^4.0.3:
    version "4.0.3"
  <<<<<<< HEAD
    resolved "https://registry.npmmirror.com/is-glob/-/is-glob-4.0.3.tgz#64f61e42cbbb2eec2071a9dac0b28ba1e65d5084"
  =======
    resolved "https://registry.yarnpkg.com/is-glob/-/is-glob-4.0.3.tgz#64f61e42cbbb2eec2071a9dac0b28ba1e65d5084"
  >>>>>>> 39e6b346867ad4f801acd1c5333901c98f3b62de
    integrity sha512-xelSayHH36ZgE7ZWhli7pW34hNbNl8Ojv5KVmkJD4hBdD3th8Tfk9vYasLM+mXWOZhFkgZfxhLSnrwRr4elSSg==
    dependencies:
      is-extglob "^2.1.1"
  
  is-number@^7.0.0:
    version "7.0.0"
  <<<<<<< HEAD
    resolved "https://registry.npmmirror.com/is-number/-/is-number-7.0.0.tgz#7535345b896734d5f80c4d06c50955527a14f12b"
  =======
    resolved "https://registry.yarnpkg.com/is-number/-/is-number-7.0.0.tgz#7535345b896734d5f80c4d06c50955527a14f12b"
  >>>>>>> 39e6b346867ad4f801acd1c5333901c98f3b62de
    integrity sha512-41Cifkg6e8TylSpdtTpeLVMqvSBEVzTttHvERD741+pnZ8ANv0004MRL43QKPDlK9cGvNp6NZWZUBlbGXYxxng==
  
  js-tokens@^4.0.0:
    version "4.0.0"
  <<<<<<< HEAD
    resolved "https://registry.npmmirror.com/js-tokens/-/js-tokens-4.0.0.tgz#19203fb59991df98e3a287050d4647cdeaf32499"
  =======
    resolved "https://registry.yarnpkg.com/js-tokens/-/js-tokens-4.0.0.tgz#19203fb59991df98e3a287050d4647cdeaf32499"
  >>>>>>> 39e6b346867ad4f801acd1c5333901c98f3b62de
    integrity sha512-RdJUflcE3cUzKiMqQgsCu06FPu9UdIJO0beYbPhHN4k6apgJtifcoCtT9bcxOpYBtpD2kCM6Sbzg4CausW/PKQ==
  
  jsesc@^2.5.1:
    version "2.5.2"
  <<<<<<< HEAD
    resolved "https://registry.npmmirror.com/jsesc/-/jsesc-2.5.2.tgz#80564d2e483dacf6e8ef209650a67df3f0c283a4"
  =======
    resolved "https://registry.yarnpkg.com/jsesc/-/jsesc-2.5.2.tgz#80564d2e483dacf6e8ef209650a67df3f0c283a4"
  >>>>>>> 39e6b346867ad4f801acd1c5333901c98f3b62de
    integrity sha512-OYu7XEzjkCQ3C5Ps3QIZsQfNpqoJyZZA99wd9aWd05NCtC5pWOkShK2mkL6HXQR6/Cy2lbNdPlZBpuQHXE63gA==
  
  json5@^2.2.3:
    version "2.2.3"
  <<<<<<< HEAD
    resolved "https://registry.npmmirror.com/json5/-/json5-2.2.3.tgz#78cd6f1a19bdc12b73db5ad0c61efd66c1e29283"
  =======
    resolved "https://registry.yarnpkg.com/json5/-/json5-2.2.3.tgz#78cd6f1a19bdc12b73db5ad0c61efd66c1e29283"
  >>>>>>> 39e6b346867ad4f801acd1c5333901c98f3b62de
    integrity sha512-XmOWe7eyHYH14cLdVPoyg+GOH3rYX++KpzrylJwSW98t3Nk+U8XOl8FWKOgwtzdb8lXGf6zYwDUzeHMWfxasyg==
  
  lru-cache@^5.1.1:
    version "5.1.1"
  <<<<<<< HEAD
    resolved "https://registry.npmmirror.com/lru-cache/-/lru-cache-5.1.1.tgz#1da27e6710271947695daf6848e847f01d84b920"
  =======
    resolved "https://registry.yarnpkg.com/lru-cache/-/lru-cache-5.1.1.tgz#1da27e6710271947695daf6848e847f01d84b920"
  >>>>>>> 39e6b346867ad4f801acd1c5333901c98f3b62de
    integrity sha512-KpNARQA3Iwv+jTA0utUVVbrh+Jlrr1Fv0e56GGzAFOXN7dk/FviaDW8LHmK52DlcH4WP2n6gI8vN1aesBFgo9w==
    dependencies:
      yallist "^3.0.2"
  
  lru-cache@^6.0.0:
    version "6.0.0"
  <<<<<<< HEAD
    resolved "https://registry.npmmirror.com/lru-cache/-/lru-cache-6.0.0.tgz#6d6fe6570ebd96aaf90fcad1dafa3b2566db3a94"
  =======
    resolved "https://registry.yarnpkg.com/lru-cache/-/lru-cache-6.0.0.tgz#6d6fe6570ebd96aaf90fcad1dafa3b2566db3a94"
  >>>>>>> 39e6b346867ad4f801acd1c5333901c98f3b62de
    integrity sha512-Jo6dJ04CmSjuznwJSS3pUeWmd/H0ffTlkXXgwZi+eq1UCmqQwCh+eLsYOYCwY991i2Fah4h1BEMCx4qThGbsiA==
    dependencies:
      yallist "^4.0.0"
  
  magic-string@^0.30.0:
    version "0.30.3"
  <<<<<<< HEAD
    resolved "https://registry.npmmirror.com/magic-string/-/magic-string-0.30.3.tgz#403755dfd9d6b398dfa40635d52e96c5ac095b85"
  =======
    resolved "https://registry.yarnpkg.com/magic-string/-/magic-string-0.30.3.tgz#403755dfd9d6b398dfa40635d52e96c5ac095b85"
  >>>>>>> 39e6b346867ad4f801acd1c5333901c98f3b62de
    integrity sha512-B7xGbll2fG/VjP+SWg4sX3JynwIU0mjoTc6MPpKNuIvftk6u6vqhDnk1R80b8C2GBR6ywqy+1DcKBrevBg+bmw==
    dependencies:
      "@jridgewell/sourcemap-codec" "^1.4.15"
  
  merge2@^1.3.0, merge2@^1.4.1:
    version "1.4.1"
  <<<<<<< HEAD
    resolved "https://registry.npmmirror.com/merge2/-/merge2-1.4.1.tgz#4368892f885e907455a6fd7dc55c0c9d404990ae"
  =======
    resolved "https://registry.yarnpkg.com/merge2/-/merge2-1.4.1.tgz#4368892f885e907455a6fd7dc55c0c9d404990ae"
  >>>>>>> 39e6b346867ad4f801acd1c5333901c98f3b62de
    integrity sha512-8q7VEgMJW4J8tcfVPy8g09NcQwZdbwFEqhe/WZkoIzjn/3TGDwtOCYtXGxA3O8tPzpczCCDgv+P2P5y00ZJOOg==
  
  micromatch@^4.0.4:
    version "4.0.5"
  <<<<<<< HEAD
    resolved "https://registry.npmmirror.com/micromatch/-/micromatch-4.0.5.tgz#bc8999a7cbbf77cdc89f132f6e467051b49090c6"
  =======
    resolved "https://registry.yarnpkg.com/micromatch/-/micromatch-4.0.5.tgz#bc8999a7cbbf77cdc89f132f6e467051b49090c6"
  >>>>>>> 39e6b346867ad4f801acd1c5333901c98f3b62de
    integrity sha512-DMy+ERcEW2q8Z2Po+WNXuw3c5YaUSFjAO5GsJqfEl7UjvtIuFKO6ZrKvcItdy98dwFI2N1tg3zNIdKaQT+aNdA==
    dependencies:
      braces "^3.0.2"
      picomatch "^2.3.1"
  
  moment@2.29.4:
    version "2.29.4"
  <<<<<<< HEAD
    resolved "https://registry.npmmirror.com/moment/-/moment-2.29.4.tgz#3dbe052889fe7c1b2ed966fcb3a77328964ef108"
  =======
    resolved "https://registry.yarnpkg.com/moment/-/moment-2.29.4.tgz#3dbe052889fe7c1b2ed966fcb3a77328964ef108"
  >>>>>>> 39e6b346867ad4f801acd1c5333901c98f3b62de
    integrity sha512-5LC9SOxjSc2HF6vO2CyuTDNivEdoz2IvyJJGj6X8DJ0eFyfszE0QiEd+iXmBvUP3WHxSjFH/vIsA0EN00cgr8w==
  
  ms@2.1.2:
    version "2.1.2"
  <<<<<<< HEAD
    resolved "https://registry.npmmirror.com/ms/-/ms-2.1.2.tgz#d09d1f357b443f493382a8eb3ccd183872ae6009"
  =======
    resolved "https://registry.yarnpkg.com/ms/-/ms-2.1.2.tgz#d09d1f357b443f493382a8eb3ccd183872ae6009"
  >>>>>>> 39e6b346867ad4f801acd1c5333901c98f3b62de
    integrity sha512-sGkPx+VjMtmA6MX27oA4FBFELFCZZ4S4XqeGOXCv68tT+jb3vk/RyaKWP0PTKyWtmLSM0b+adUTEvbs1PEaH2w==
  
  nanoid@^3.3.6:
    version "3.3.6"
  <<<<<<< HEAD
    resolved "https://registry.npmmirror.com/nanoid/-/nanoid-3.3.6.tgz#443380c856d6e9f9824267d960b4236ad583ea4c"
  =======
    resolved "https://registry.yarnpkg.com/nanoid/-/nanoid-3.3.6.tgz#443380c856d6e9f9824267d960b4236ad583ea4c"
  >>>>>>> 39e6b346867ad4f801acd1c5333901c98f3b62de
    integrity sha512-BGcqMMJuToF7i1rt+2PWSNVnWIkGCU78jBG3RxO/bZlnZPK2Cmi2QaffxGO/2RvWi9sL+FAiRiXMgsyxQ1DIDA==
  
  natural-compare-lite@^1.4.0:
    version "1.4.0"
  <<<<<<< HEAD
    resolved "https://registry.npmmirror.com/natural-compare-lite/-/natural-compare-lite-1.4.0.tgz#17b09581988979fddafe0201e931ba933c96cbb4"
  =======
    resolved "https://registry.yarnpkg.com/natural-compare-lite/-/natural-compare-lite-1.4.0.tgz#17b09581988979fddafe0201e931ba933c96cbb4"
  >>>>>>> 39e6b346867ad4f801acd1c5333901c98f3b62de
    integrity sha512-Tj+HTDSJJKaZnfiuw+iaF9skdPpTo2GtEly5JHnWV/hfv2Qj/9RKsGISQtLh2ox3l5EAGw487hnBee0sIJ6v2g==
  
  node-releases@^2.0.13:
    version "2.0.13"
  <<<<<<< HEAD
    resolved "https://registry.npmmirror.com/node-releases/-/node-releases-2.0.13.tgz#d5ed1627c23e3461e819b02e57b75e4899b1c81d"
  =======
    resolved "https://registry.yarnpkg.com/node-releases/-/node-releases-2.0.13.tgz#d5ed1627c23e3461e819b02e57b75e4899b1c81d"
  >>>>>>> 39e6b346867ad4f801acd1c5333901c98f3b62de
    integrity sha512-uYr7J37ae/ORWdZeQ1xxMJe3NtdmqMC/JZK+geofDrkLUApKRHPd18/TxtBOJ4A0/+uUIliorNrfYV6s1b02eQ==
  
  obsidian@latest:
    version "1.4.11"
  <<<<<<< HEAD
    resolved "https://registry.npmmirror.com/obsidian/-/obsidian-1.4.11.tgz#5cba594c83a74ebad58b630c610265018abdadaa"
  =======
    resolved "https://registry.yarnpkg.com/obsidian/-/obsidian-1.4.11.tgz#5cba594c83a74ebad58b630c610265018abdadaa"
  >>>>>>> 39e6b346867ad4f801acd1c5333901c98f3b62de
    integrity sha512-BCVYTvaXxElJMl6MMbDdY/CGK+aq18SdtDY/7vH8v6BxCBQ6KF4kKxL0vG9UZ0o5qh139KpUoJHNm+6O5dllKA==
    dependencies:
      "@types/codemirror" "5.60.8"
      moment "2.29.4"
  
  path-type@^4.0.0:
    version "4.0.0"
  <<<<<<< HEAD
    resolved "https://registry.npmmirror.com/path-type/-/path-type-4.0.0.tgz#84ed01c0a7ba380afe09d90a8c180dcd9d03043b"
  =======
    resolved "https://registry.yarnpkg.com/path-type/-/path-type-4.0.0.tgz#84ed01c0a7ba380afe09d90a8c180dcd9d03043b"
  >>>>>>> 39e6b346867ad4f801acd1c5333901c98f3b62de
    integrity sha512-gDKb8aZMDeD/tZWs9P6+q0J9Mwkdl6xMV8TjnGP3qJVJ06bdMgkbBlLU8IdfOsIsFz2BW1rNVT3XuNEl8zPAvw==
  
  picocolors@^1.0.0:
    version "1.0.0"
  <<<<<<< HEAD
    resolved "https://registry.npmmirror.com/picocolors/-/picocolors-1.0.0.tgz#cb5bdc74ff3f51892236eaf79d68bc44564ab81c"
  =======
    resolved "https://registry.yarnpkg.com/picocolors/-/picocolors-1.0.0.tgz#cb5bdc74ff3f51892236eaf79d68bc44564ab81c"
  >>>>>>> 39e6b346867ad4f801acd1c5333901c98f3b62de
    integrity sha512-1fygroTLlHu66zi26VoTDv8yRgm0Fccecssto+MhsZ0D/DGW2sm8E8AjW7NU5VVTRt5GxbeZ5qBuJr+HyLYkjQ==
  
  picomatch@^2.3.1:
    version "2.3.1"
  <<<<<<< HEAD
    resolved "https://registry.npmmirror.com/picomatch/-/picomatch-2.3.1.tgz#3ba3833733646d9d3e4995946c1365a67fb07a42"
  =======
    resolved "https://registry.yarnpkg.com/picomatch/-/picomatch-2.3.1.tgz#3ba3833733646d9d3e4995946c1365a67fb07a42"
  >>>>>>> 39e6b346867ad4f801acd1c5333901c98f3b62de
    integrity sha512-JU3teHTNjmE2VCGFzuY8EXzCDVwEqB2a8fsIvwaStHhAWJEeVd1o1QD80CU6+ZdEXXSLbSsuLwJjkCBWqRQUVA==
  
  postcss@^8.1.10:
    version "8.4.29"
  <<<<<<< HEAD
    resolved "https://registry.npmmirror.com/postcss/-/postcss-8.4.29.tgz#33bc121cf3b3688d4ddef50be869b2a54185a1dd"
  =======
    resolved "https://registry.yarnpkg.com/postcss/-/postcss-8.4.29.tgz#33bc121cf3b3688d4ddef50be869b2a54185a1dd"
  >>>>>>> 39e6b346867ad4f801acd1c5333901c98f3b62de
    integrity sha512-cbI+jaqIeu/VGqXEarWkRCCffhjgXc0qjBtXpqJhTBohMUjUQnbBr0xqX3vEKudc4iviTewcJo5ajcec5+wdJw==
    dependencies:
      nanoid "^3.3.6"
      picocolors "^1.0.0"
      source-map-js "^1.0.2"
  
  queue-microtask@^1.2.2:
    version "1.2.3"
  <<<<<<< HEAD
    resolved "https://registry.npmmirror.com/queue-microtask/-/queue-microtask-1.2.3.tgz#4929228bbc724dfac43e0efb058caf7b6cfb6243"
  =======
    resolved "https://registry.yarnpkg.com/queue-microtask/-/queue-microtask-1.2.3.tgz#4929228bbc724dfac43e0efb058caf7b6cfb6243"
  >>>>>>> 39e6b346867ad4f801acd1c5333901c98f3b62de
    integrity sha512-NuaNSa6flKT5JaSYQzJok04JzTL1CA6aGhv5rfLW3PgqA+M2ChpZQnAC8h8i4ZFkBS8X5RqkDBHA7r4hej3K9A==
  
  reusify@^1.0.4:
    version "1.0.4"
  <<<<<<< HEAD
    resolved "https://registry.npmmirror.com/reusify/-/reusify-1.0.4.tgz#90da382b1e126efc02146e90845a88db12925d76"
  =======
    resolved "https://registry.yarnpkg.com/reusify/-/reusify-1.0.4.tgz#90da382b1e126efc02146e90845a88db12925d76"
  >>>>>>> 39e6b346867ad4f801acd1c5333901c98f3b62de
    integrity sha512-U9nH88a3fc/ekCF1l0/UP1IosiuIjyTh7hBvXVMHYgVcfGvt897Xguj2UOLDeI5BG2m7/uwyaLVT6fbtCwTyzw==
  
  run-parallel@^1.1.9:
    version "1.2.0"
  <<<<<<< HEAD
    resolved "https://registry.npmmirror.com/run-parallel/-/run-parallel-1.2.0.tgz#66d1368da7bdf921eb9d95bd1a9229e7f21a43ee"
  =======
    resolved "https://registry.yarnpkg.com/run-parallel/-/run-parallel-1.2.0.tgz#66d1368da7bdf921eb9d95bd1a9229e7f21a43ee"
  >>>>>>> 39e6b346867ad4f801acd1c5333901c98f3b62de
    integrity sha512-5l4VyZR86LZ/lDxZTR6jqL8AFE2S0IFLMP26AbjsLVADxHdhB/c0GUsH+y39UfCi3dzz8OlQuPmnaJOMoDHQBA==
    dependencies:
      queue-microtask "^1.2.2"
  
  semver@^6.3.1:
    version "6.3.1"
  <<<<<<< HEAD
    resolved "https://registry.npmmirror.com/semver/-/semver-6.3.1.tgz#556d2ef8689146e46dcea4bfdd095f3434dffcb4"
  =======
    resolved "https://registry.yarnpkg.com/semver/-/semver-6.3.1.tgz#556d2ef8689146e46dcea4bfdd095f3434dffcb4"
  >>>>>>> 39e6b346867ad4f801acd1c5333901c98f3b62de
    integrity sha512-BR7VvDCVHO+q2xBEWskxS6DJE1qRnb7DxzUrogb71CWoSficBxYsiAGd+Kl0mmq/MprG9yArRkyrQxTO6XjMzA==
  
  semver@^7.3.7:
    version "7.5.4"
  <<<<<<< HEAD
    resolved "https://registry.npmmirror.com/semver/-/semver-7.5.4.tgz#483986ec4ed38e1c6c48c34894a9182dbff68a6e"
  =======
    resolved "https://registry.yarnpkg.com/semver/-/semver-7.5.4.tgz#483986ec4ed38e1c6c48c34894a9182dbff68a6e"
  >>>>>>> 39e6b346867ad4f801acd1c5333901c98f3b62de
    integrity sha512-1bCSESV6Pv+i21Hvpxp3Dx+pSD8lIPt8uVjRrxAUt/nbswYc+tK6Y2btiULjd4+fnq15PX+nqQDC7Oft7WkwcA==
    dependencies:
      lru-cache "^6.0.0"
  
  slash@^3.0.0:
    version "3.0.0"
  <<<<<<< HEAD
    resolved "https://registry.npmmirror.com/slash/-/slash-3.0.0.tgz#6539be870c165adbd5240220dbe361f1bc4d4634"
  =======
    resolved "https://registry.yarnpkg.com/slash/-/slash-3.0.0.tgz#6539be870c165adbd5240220dbe361f1bc4d4634"
  >>>>>>> 39e6b346867ad4f801acd1c5333901c98f3b62de
    integrity sha512-g9Q1haeby36OSStwb4ntCGGGaKsaVSjQ68fBxoQcutl5fS1vuY18H3wSt3jFyFtrkx+Kz0V1G85A4MyAdDMi2Q==
  
  source-map-js@^1.0.2:
    version "1.0.2"
  <<<<<<< HEAD
    resolved "https://registry.npmmirror.com/source-map-js/-/source-map-js-1.0.2.tgz#adbc361d9c62df380125e7f161f71c826f1e490c"
  =======
    resolved "https://registry.yarnpkg.com/source-map-js/-/source-map-js-1.0.2.tgz#adbc361d9c62df380125e7f161f71c826f1e490c"
  >>>>>>> 39e6b346867ad4f801acd1c5333901c98f3b62de
    integrity sha512-R0XvVJ9WusLiqTCEiGCmICCMplcCkIwwR11mOSD9CR5u+IXYdiseeEuXCVAjS54zqwkLcPNnmU4OeJ6tUrWhDw==
  
  style-mod@^4.0.0, style-mod@^4.1.0:
    version "4.1.0"
  <<<<<<< HEAD
    resolved "https://registry.npmmirror.com/style-mod/-/style-mod-4.1.0.tgz#a313a14f4ae8bb4d52878c0053c4327fb787ec09"
  =======
    resolved "https://registry.yarnpkg.com/style-mod/-/style-mod-4.1.0.tgz#a313a14f4ae8bb4d52878c0053c4327fb787ec09"
  >>>>>>> 39e6b346867ad4f801acd1c5333901c98f3b62de
    integrity sha512-Ca5ib8HrFn+f+0n4N4ScTIA9iTOQ7MaGS1ylHcoVqW9J7w2w8PzN6g9gKmTYgGEBH8e120+RCmhpje6jC5uGWA==
  
  supports-color@^5.3.0:
    version "5.5.0"
  <<<<<<< HEAD
    resolved "https://registry.npmmirror.com/supports-color/-/supports-color-5.5.0.tgz#e2e69a44ac8772f78a1ec0b35b689df6530efc8f"
  =======
    resolved "https://registry.yarnpkg.com/supports-color/-/supports-color-5.5.0.tgz#e2e69a44ac8772f78a1ec0b35b689df6530efc8f"
  >>>>>>> 39e6b346867ad4f801acd1c5333901c98f3b62de
    integrity sha512-QjVjwdXIt408MIiAqCX4oUKsgU2EqAGzs2Ppkm4aQYbjm+ZEWEcW4SfFNTr4uMNZma0ey4f5lgLrkB0aX0QMow==
    dependencies:
      has-flag "^3.0.0"
  
  svg-tags@^1.0.0:
    version "1.0.0"
  <<<<<<< HEAD
    resolved "https://registry.npmmirror.com/svg-tags/-/svg-tags-1.0.0.tgz#58f71cee3bd519b59d4b2a843b6c7de64ac04764"
  =======
    resolved "https://registry.yarnpkg.com/svg-tags/-/svg-tags-1.0.0.tgz#58f71cee3bd519b59d4b2a843b6c7de64ac04764"
  >>>>>>> 39e6b346867ad4f801acd1c5333901c98f3b62de
    integrity sha512-ovssysQTa+luh7A5Weu3Rta6FJlFBBbInjOh722LIt6klpU2/HtdUbszju/G4devcvk8PGt7FCLv5wftu3THUA==
  
  to-fast-properties@^2.0.0:
    version "2.0.0"
  <<<<<<< HEAD
    resolved "https://registry.npmmirror.com/to-fast-properties/-/to-fast-properties-2.0.0.tgz#dc5e698cbd079265bc73e0377681a4e4e83f616e"
  =======
    resolved "https://registry.yarnpkg.com/to-fast-properties/-/to-fast-properties-2.0.0.tgz#dc5e698cbd079265bc73e0377681a4e4e83f616e"
  >>>>>>> 39e6b346867ad4f801acd1c5333901c98f3b62de
    integrity sha512-/OaKK0xYrs3DmxRYqL/yDc+FxFUVYhDlXMhRmv3z915w2HF1tnN1omB354j8VUGO/hbRzyD6Y3sA7v7GS/ceog==
  
  to-regex-range@^5.0.1:
    version "5.0.1"
  <<<<<<< HEAD
    resolved "https://registry.npmmirror.com/to-regex-range/-/to-regex-range-5.0.1.tgz#1648c44aae7c8d988a326018ed72f5b4dd0392e4"
  =======
    resolved "https://registry.yarnpkg.com/to-regex-range/-/to-regex-range-5.0.1.tgz#1648c44aae7c8d988a326018ed72f5b4dd0392e4"
  >>>>>>> 39e6b346867ad4f801acd1c5333901c98f3b62de
    integrity sha512-65P7iz6X5yEr1cwcgvQxbbIw7Uk3gOy5dIdtZ4rDveLqhrdJP+Li/Hx6tyK0NEb+2GCyneCMJiGqrADCSNk8sQ==
    dependencies:
      is-number "^7.0.0"
  
  tslib@2.3.1:
    version "2.3.1"
  <<<<<<< HEAD
    resolved "https://registry.npmmirror.com/tslib/-/tslib-2.3.1.tgz#e8a335add5ceae51aa261d32a490158ef042ef01"
  =======
    resolved "https://registry.yarnpkg.com/tslib/-/tslib-2.3.1.tgz#e8a335add5ceae51aa261d32a490158ef042ef01"
  >>>>>>> 39e6b346867ad4f801acd1c5333901c98f3b62de
    integrity sha512-77EbyPPpMz+FRFRuAFlWMtmgUWGe9UOG2Z25NqCwiIjRhOf5iKGuzSe5P2w1laq+FkRy4p+PCuVkJSGkzTEKVw==
  
  tslib@^1.8.1:
    version "1.14.1"
  <<<<<<< HEAD
    resolved "https://registry.npmmirror.com/tslib/-/tslib-1.14.1.tgz#cf2d38bdc34a134bcaf1091c41f6619e2f672d00"
  =======
    resolved "https://registry.yarnpkg.com/tslib/-/tslib-1.14.1.tgz#cf2d38bdc34a134bcaf1091c41f6619e2f672d00"
  >>>>>>> 39e6b346867ad4f801acd1c5333901c98f3b62de
    integrity sha512-Xni35NKzjgMrwevysHTCArtLDpPvye8zV/0E4EyYn43P7/7qvQwPh9BGkHewbMulVntbigmcT7rdX3BNo9wRJg==
  
  tsutils@^3.21.0:
    version "3.21.0"
  <<<<<<< HEAD
    resolved "https://registry.npmmirror.com/tsutils/-/tsutils-3.21.0.tgz#b48717d394cea6c1e096983eed58e9d61715b623"
  =======
    resolved "https://registry.yarnpkg.com/tsutils/-/tsutils-3.21.0.tgz#b48717d394cea6c1e096983eed58e9d61715b623"
  >>>>>>> 39e6b346867ad4f801acd1c5333901c98f3b62de
    integrity sha512-mHKK3iUXL+3UF6xL5k0PEhKRUBKPBCv/+RkEOpjRWxxx27KKRBmmA60A9pgOUvMi8GKhRMPEmjBRPzs2W7O1OA==
    dependencies:
      tslib "^1.8.1"
  
  typescript@4.4.4:
    version "4.4.4"
  <<<<<<< HEAD
    resolved "https://registry.npmmirror.com/typescript/-/typescript-4.4.4.tgz#2cd01a1a1f160704d3101fd5a58ff0f9fcb8030c"
  =======
    resolved "https://registry.yarnpkg.com/typescript/-/typescript-4.4.4.tgz#2cd01a1a1f160704d3101fd5a58ff0f9fcb8030c"
  >>>>>>> 39e6b346867ad4f801acd1c5333901c98f3b62de
    integrity sha512-DqGhF5IKoBl8WNf8C1gu8q0xZSInh9j1kJJMqT3a94w1JzVaBU4EXOSMrz9yDqMT0xt3selp83fuFMQ0uzv6qA==
  
  typescript@^4.7.4:
    version "4.9.5"
  <<<<<<< HEAD
    resolved "https://registry.npmmirror.com/typescript/-/typescript-4.9.5.tgz#095979f9bcc0d09da324d58d03ce8f8374cbe65a"
  =======
    resolved "https://registry.yarnpkg.com/typescript/-/typescript-4.9.5.tgz#095979f9bcc0d09da324d58d03ce8f8374cbe65a"
  >>>>>>> 39e6b346867ad4f801acd1c5333901c98f3b62de
    integrity sha512-1FXk9E2Hm+QzZQ7z+McJiHL4NW1F2EzMu9Nq9i3zAaGqibafqYwCVU6WyWAuyQRRzOlxou8xZSyXLEN8oKj24g==
  
  update-browserslist-db@^1.0.11:
    version "1.0.11"
  <<<<<<< HEAD
    resolved "https://registry.npmmirror.com/update-browserslist-db/-/update-browserslist-db-1.0.11.tgz#9a2a641ad2907ae7b3616506f4b977851db5b940"
  =======
    resolved "https://registry.yarnpkg.com/update-browserslist-db/-/update-browserslist-db-1.0.11.tgz#9a2a641ad2907ae7b3616506f4b977851db5b940"
  >>>>>>> 39e6b346867ad4f801acd1c5333901c98f3b62de
    integrity sha512-dCwEFf0/oT85M1fHBg4F0jtLwJrutGoHSQXCh7u4o2t1drG+c0a9Flnqww6XUKSfQMPpJBRjU8d4RXB09qtvaA==
    dependencies:
      escalade "^3.1.1"
      picocolors "^1.0.0"
  
  vue@^3.2.31:
    version "3.3.4"
  <<<<<<< HEAD
    resolved "https://registry.npmmirror.com/vue/-/vue-3.3.4.tgz#8ed945d3873667df1d0fcf3b2463ada028f88bd6"
  =======
    resolved "https://registry.yarnpkg.com/vue/-/vue-3.3.4.tgz#8ed945d3873667df1d0fcf3b2463ada028f88bd6"
  >>>>>>> 39e6b346867ad4f801acd1c5333901c98f3b62de
    integrity sha512-VTyEYn3yvIeY1Py0WaYGZsXnz3y5UnGi62GjVEqvEGPl6nxbOrCXbVOTQWBEJUqAyTUk2uJ5JLVnYJ6ZzGbrSw==
    dependencies:
      "@vue/compiler-dom" "3.3.4"
      "@vue/compiler-sfc" "3.3.4"
      "@vue/runtime-dom" "3.3.4"
      "@vue/server-renderer" "3.3.4"
      "@vue/shared" "3.3.4"
  
  w3c-keyname@^2.2.4:
    version "2.2.8"
  <<<<<<< HEAD
    resolved "https://registry.npmmirror.com/w3c-keyname/-/w3c-keyname-2.2.8.tgz#7b17c8c6883d4e8b86ac8aba79d39e880f8869c5"
  =======
    resolved "https://registry.yarnpkg.com/w3c-keyname/-/w3c-keyname-2.2.8.tgz#7b17c8c6883d4e8b86ac8aba79d39e880f8869c5"
  >>>>>>> 39e6b346867ad4f801acd1c5333901c98f3b62de
    integrity sha512-dpojBhNsCNN7T82Tm7k26A6G9ML3NkhDsnw9n/eoxSRlVBB4CEtIQ/KTCLI2Fwf3ataSXRhYFkQi3SlnFwPvPQ==
  
  yallist@^3.0.2:
    version "3.1.1"
  <<<<<<< HEAD
    resolved "https://registry.npmmirror.com/yallist/-/yallist-3.1.1.tgz#dbb7daf9bfd8bac9ab45ebf602b8cbad0d5d08fd"
  =======
    resolved "https://registry.yarnpkg.com/yallist/-/yallist-3.1.1.tgz#dbb7daf9bfd8bac9ab45ebf602b8cbad0d5d08fd"
  >>>>>>> 39e6b346867ad4f801acd1c5333901c98f3b62de
    integrity sha512-a4UGQaWPH59mOXUYnAG2ewncQS4i4F43Tv3JoAM+s2VDAmS9NsK8GpDMLrCHPksFT7h3K6TOoUNn2pb7RoXx4g==
  
  yallist@^4.0.0:
    version "4.0.0"
  <<<<<<< HEAD
    resolved "https://registry.npmmirror.com/yallist/-/yallist-4.0.0.tgz#9bb92790d9c0effec63be73519e11a35019a3a72"
  =======
    resolved "https://registry.yarnpkg.com/yallist/-/yallist-4.0.0.tgz#9bb92790d9c0effec63be73519e11a35019a3a72"
  >>>>>>> 39e6b346867ad4f801acd1c5333901c98f3b62de
    integrity sha512-3wdGidZyq5PB084XLES5TpOSRA3wjXAlIWMhum2kRcv/41Sn2emQ0dycQW4uZXLejwKvg6EsvbdlVL+FYEct7A==
